c:\users\danino\source\repos\TypeScriptHTMLApp12\TypeScriptHTMLApp12\adress.js
c:\users\danino\source\repos\TypeScriptHTMLApp12\TypeScriptHTMLApp12\adress.js.map
c:\users\danino\source\repos\TypeScriptHTMLApp12\TypeScriptHTMLApp12\app.js
c:\users\danino\source\repos\TypeScriptHTMLApp12\TypeScriptHTMLApp12\app.js.map
c:\users\danino\source\repos\TypeScriptHTMLApp12\TypeScriptHTMLApp12\cashier.js
c:\users\danino\source\repos\TypeScriptHTMLApp12\TypeScriptHTMLApp12\cashier.js.map
c:\users\danino\source\repos\TypeScriptHTMLApp12\TypeScriptHTMLApp12\cinema.js
c:\users\danino\source\repos\TypeScriptHTMLApp12\TypeScriptHTMLApp12\cinema.js.map
c:\users\danino\source\repos\TypeScriptHTMLApp12\TypeScriptHTMLApp12\manager.js
c:\users\danino\source\repos\TypeScriptHTMLApp12\TypeScriptHTMLApp12\manager.js.map
c:\users\danino\source\repos\TypeScriptHTMLApp12\TypeScriptHTMLApp12\shifth.js
c:\users\danino\source\repos\TypeScriptHTMLApp12\TypeScriptHTMLApp12\shifth.js.map
c:\users\danino\source\repos\TypeScriptHTMLApp12\TypeScriptHTMLApp12\adress.js
c:\users\danino\source\repos\TypeScriptHTMLApp12\TypeScriptHTMLApp12\adress.js.map
c:\users\danino\source\repos\TypeScriptHTMLApp12\TypeScriptHTMLApp12\app.js
c:\users\danino\source\repos\TypeScriptHTMLApp12\TypeScriptHTMLApp12\app.js.map
c:\users\danino\source\repos\TypeScriptHTMLApp12\TypeScriptHTMLApp12\cashier.js
c:\users\danino\source\repos\TypeScriptHTMLApp12\TypeScriptHTMLApp12\cashier.js.map
c:\users\danino\source\repos\TypeScriptHTMLApp12\TypeScriptHTMLApp12\cinema.js
c:\users\danino\source\repos\TypeScriptHTMLApp12\TypeScriptHTMLApp12\cinema.js.map
c:\users\danino\source\repos\TypeScriptHTMLApp12\TypeScriptHTMLApp12\manager.js
c:\users\danino\source\repos\TypeScriptHTMLApp12\TypeScriptHTMLApp12\manager.js.map
c:\users\danino\source\repos\TypeScriptHTMLApp12\TypeScriptHTMLApp12\shifth.js
c:\users\danino\source\repos\TypeScriptHTMLApp12\TypeScriptHTMLApp12\shifth.js.map
c:\users\danino\source\repos\TypeScriptHTMLApp12\TypeScriptHTMLApp12\adress.js
c:\users\danino\source\repos\TypeScriptHTMLApp12\TypeScriptHTMLApp12\adress.js.map
c:\users\danino\source\repos\TypeScriptHTMLApp12\TypeScriptHTMLApp12\app.js
c:\users\danino\source\repos\TypeScriptHTMLApp12\TypeScriptHTMLApp12\app.js.map
c:\users\danino\source\repos\TypeScriptHTMLApp12\TypeScriptHTMLApp12\cashier.js
c:\users\danino\source\repos\TypeScriptHTMLApp12\TypeScriptHTMLApp12\cashier.js.map
c:\users\danino\source\repos\TypeScriptHTMLApp12\TypeScriptHTMLApp12\cinema.js
c:\users\danino\source\repos\TypeScriptHTMLApp12\TypeScriptHTMLApp12\cinema.js.map
c:\users\danino\source\repos\TypeScriptHTMLApp12\TypeScriptHTMLApp12\manager.js
c:\users\danino\source\repos\TypeScriptHTMLApp12\TypeScriptHTMLApp12\manager.js.map
c:\users\danino\source\repos\TypeScriptHTMLApp12\TypeScriptHTMLApp12\shifth.js
c:\users\danino\source\repos\TypeScriptHTMLApp12\TypeScriptHTMLApp12\shifth.js.map
c:\users\danino\source\repos\TypeScriptHTMLApp12\TypeScriptHTMLApp12\adress.js
c:\users\danino\source\repos\TypeScriptHTMLApp12\TypeScriptHTMLApp12\adress.js.map
c:\users\danino\source\repos\TypeScriptHTMLApp12\TypeScriptHTMLApp12\app.js
c:\users\danino\source\repos\TypeScriptHTMLApp12\TypeScriptHTMLApp12\app.js.map
c:\users\danino\source\repos\TypeScriptHTMLApp12\TypeScriptHTMLApp12\cashier.js
c:\users\danino\source\repos\TypeScriptHTMLApp12\TypeScriptHTMLApp12\cashier.js.map
c:\users\danino\source\repos\TypeScriptHTMLApp12\TypeScriptHTMLApp12\cinema.js
c:\users\danino\source\repos\TypeScriptHTMLApp12\TypeScriptHTMLApp12\cinema.js.map
c:\users\danino\source\repos\TypeScriptHTMLApp12\TypeScriptHTMLApp12\manager.js
c:\users\danino\source\repos\TypeScriptHTMLApp12\TypeScriptHTMLApp12\manager.js.map
c:\users\danino\source\repos\TypeScriptHTMLApp12\TypeScriptHTMLApp12\shifth.js
c:\users\danino\source\repos\TypeScriptHTMLApp12\TypeScriptHTMLApp12\shifth.js.map
c:\users\danino\source\repos\TypeScriptHTMLApp12\TypeScriptHTMLApp12\adress.js
c:\users\danino\source\repos\TypeScriptHTMLApp12\TypeScriptHTMLApp12\adress.js.map
c:\users\danino\source\repos\TypeScriptHTMLApp12\TypeScriptHTMLApp12\app.js
c:\users\danino\source\repos\TypeScriptHTMLApp12\TypeScriptHTMLApp12\app.js.map
c:\users\danino\source\repos\TypeScriptHTMLApp12\TypeScriptHTMLApp12\cashier.js
c:\users\danino\source\repos\TypeScriptHTMLApp12\TypeScriptHTMLApp12\cashier.js.map
c:\users\danino\source\repos\TypeScriptHTMLApp12\TypeScriptHTMLApp12\cinema.js
c:\users\danino\source\repos\TypeScriptHTMLApp12\TypeScriptHTMLApp12\cinema.js.map
c:\users\danino\source\repos\TypeScriptHTMLApp12\TypeScriptHTMLApp12\manager.js
c:\users\danino\source\repos\TypeScriptHTMLApp12\TypeScriptHTMLApp12\manager.js.map
c:\users\danino\source\repos\TypeScriptHTMLApp12\TypeScriptHTMLApp12\shifth.js
c:\users\danino\source\repos\TypeScriptHTMLApp12\TypeScriptHTMLApp12\shifth.js.map
c:\users\danino\source\repos\TypeScriptHTMLApp12\TypeScriptHTMLApp12\adress.js
c:\users\danino\source\repos\TypeScriptHTMLApp12\TypeScriptHTMLApp12\adress.js.map
c:\users\danino\source\repos\TypeScriptHTMLApp12\TypeScriptHTMLApp12\app.js
c:\users\danino\source\repos\TypeScriptHTMLApp12\TypeScriptHTMLApp12\app.js.map
c:\users\danino\source\repos\TypeScriptHTMLApp12\TypeScriptHTMLApp12\cashier.js
c:\users\danino\source\repos\TypeScriptHTMLApp12\TypeScriptHTMLApp12\cashier.js.map
c:\users\danino\source\repos\TypeScriptHTMLApp12\TypeScriptHTMLApp12\cinema.js
c:\users\danino\source\repos\TypeScriptHTMLApp12\TypeScriptHTMLApp12\cinema.js.map
c:\users\danino\source\repos\TypeScriptHTMLApp12\TypeScriptHTMLApp12\manager.js
c:\users\danino\source\repos\TypeScriptHTMLApp12\TypeScriptHTMLApp12\manager.js.map
c:\users\danino\source\repos\TypeScriptHTMLApp12\TypeScriptHTMLApp12\shifth.js
c:\users\danino\source\repos\TypeScriptHTMLApp12\TypeScriptHTMLApp12\shifth.js.map
c:\users\danino\source\repos\TypeScriptHTMLApp12\TypeScriptHTMLApp12\adress.js
c:\users\danino\source\repos\TypeScriptHTMLApp12\TypeScriptHTMLApp12\adress.js.map
c:\users\danino\source\repos\TypeScriptHTMLApp12\TypeScriptHTMLApp12\app.js
c:\users\danino\source\repos\TypeScriptHTMLApp12\TypeScriptHTMLApp12\app.js.map
c:\users\danino\source\repos\TypeScriptHTMLApp12\TypeScriptHTMLApp12\cashier.js
c:\users\danino\source\repos\TypeScriptHTMLApp12\TypeScriptHTMLApp12\cashier.js.map
c:\users\danino\source\repos\TypeScriptHTMLApp12\TypeScriptHTMLApp12\cinema.js
c:\users\danino\source\repos\TypeScriptHTMLApp12\TypeScriptHTMLApp12\cinema.js.map
c:\users\danino\source\repos\TypeScriptHTMLApp12\TypeScriptHTMLApp12\manager.js
c:\users\danino\source\repos\TypeScriptHTMLApp12\TypeScriptHTMLApp12\manager.js.map
c:\users\danino\source\repos\TypeScriptHTMLApp12\TypeScriptHTMLApp12\shifth.js
c:\users\danino\source\repos\TypeScriptHTMLApp12\TypeScriptHTMLApp12\shifth.js.map
c:\users\danino\source\repos\TypeScriptHTMLApp12\TypeScriptHTMLApp12\adress.js
c:\users\danino\source\repos\TypeScriptHTMLApp12\TypeScriptHTMLApp12\adress.js.map
c:\users\danino\source\repos\TypeScriptHTMLApp12\TypeScriptHTMLApp12\app.js
c:\users\danino\source\repos\TypeScriptHTMLApp12\TypeScriptHTMLApp12\app.js.map
c:\users\danino\source\repos\TypeScriptHTMLApp12\TypeScriptHTMLApp12\cashier.js
c:\users\danino\source\repos\TypeScriptHTMLApp12\TypeScriptHTMLApp12\cashier.js.map
c:\users\danino\source\repos\TypeScriptHTMLApp12\TypeScriptHTMLApp12\cinema.js
c:\users\danino\source\repos\TypeScriptHTMLApp12\TypeScriptHTMLApp12\cinema.js.map
c:\users\danino\source\repos\TypeScriptHTMLApp12\TypeScriptHTMLApp12\manager.js
c:\users\danino\source\repos\TypeScriptHTMLApp12\TypeScriptHTMLApp12\manager.js.map
c:\users\danino\source\repos\TypeScriptHTMLApp12\TypeScriptHTMLApp12\shifth.js
c:\users\danino\source\repos\TypeScriptHTMLApp12\TypeScriptHTMLApp12\shifth.js.map
c:\users\danino\source\repos\TypeScriptHTMLApp12\TypeScriptHTMLApp12\adress.js
c:\users\danino\source\repos\TypeScriptHTMLApp12\TypeScriptHTMLApp12\adress.js.map
c:\users\danino\source\repos\TypeScriptHTMLApp12\TypeScriptHTMLApp12\app.js
c:\users\danino\source\repos\TypeScriptHTMLApp12\TypeScriptHTMLApp12\app.js.map
c:\users\danino\source\repos\TypeScriptHTMLApp12\TypeScriptHTMLApp12\cashier.js
c:\users\danino\source\repos\TypeScriptHTMLApp12\TypeScriptHTMLApp12\cashier.js.map
c:\users\danino\source\repos\TypeScriptHTMLApp12\TypeScriptHTMLApp12\cinema.js
c:\users\danino\source\repos\TypeScriptHTMLApp12\TypeScriptHTMLApp12\cinema.js.map
c:\users\danino\source\repos\TypeScriptHTMLApp12\TypeScriptHTMLApp12\manager.js
c:\users\danino\source\repos\TypeScriptHTMLApp12\TypeScriptHTMLApp12\manager.js.map
c:\users\danino\source\repos\TypeScriptHTMLApp12\TypeScriptHTMLApp12\shifth.js
c:\users\danino\source\repos\TypeScriptHTMLApp12\TypeScriptHTMLApp12\shifth.js.map
c:\users\danino\source\repos\TypeScriptHTMLApp12\TypeScriptHTMLApp12\adress.js
c:\users\danino\source\repos\TypeScriptHTMLApp12\TypeScriptHTMLApp12\adress.js.map
c:\users\danino\source\repos\TypeScriptHTMLApp12\TypeScriptHTMLApp12\app.js
c:\users\danino\source\repos\TypeScriptHTMLApp12\TypeScriptHTMLApp12\app.js.map
c:\users\danino\source\repos\TypeScriptHTMLApp12\TypeScriptHTMLApp12\cashier.js
c:\users\danino\source\repos\TypeScriptHTMLApp12\TypeScriptHTMLApp12\cashier.js.map
c:\users\danino\source\repos\TypeScriptHTMLApp12\TypeScriptHTMLApp12\cinema.js
c:\users\danino\source\repos\TypeScriptHTMLApp12\TypeScriptHTMLApp12\cinema.js.map
c:\users\danino\source\repos\TypeScriptHTMLApp12\TypeScriptHTMLApp12\manager.js
c:\users\danino\source\repos\TypeScriptHTMLApp12\TypeScriptHTMLApp12\manager.js.map
c:\users\danino\source\repos\TypeScriptHTMLApp12\TypeScriptHTMLApp12\shifth.js
c:\users\danino\source\repos\TypeScriptHTMLApp12\TypeScriptHTMLApp12\shifth.js.map
c:\users\danino\source\repos\TypeScriptHTMLApp12\TypeScriptHTMLApp12\adress.js
c:\users\danino\source\repos\TypeScriptHTMLApp12\TypeScriptHTMLApp12\adress.js.map
c:\users\danino\source\repos\TypeScriptHTMLApp12\TypeScriptHTMLApp12\app.js
c:\users\danino\source\repos\TypeScriptHTMLApp12\TypeScriptHTMLApp12\app.js.map
c:\users\danino\source\repos\TypeScriptHTMLApp12\TypeScriptHTMLApp12\cashier.js
c:\users\danino\source\repos\TypeScriptHTMLApp12\TypeScriptHTMLApp12\cashier.js.map
c:\users\danino\source\repos\TypeScriptHTMLApp12\TypeScriptHTMLApp12\cinema.js
c:\users\danino\source\repos\TypeScriptHTMLApp12\TypeScriptHTMLApp12\cinema.js.map
c:\users\danino\source\repos\TypeScriptHTMLApp12\TypeScriptHTMLApp12\manager.js
c:\users\danino\source\repos\TypeScriptHTMLApp12\TypeScriptHTMLApp12\manager.js.map
c:\users\danino\source\repos\TypeScriptHTMLApp12\TypeScriptHTMLApp12\shifth.js
c:\users\danino\source\repos\TypeScriptHTMLApp12\TypeScriptHTMLApp12\shifth.js.map
c:\users\danino\source\repos\TypeScriptHTMLApp12\TypeScriptHTMLApp12\adress.js
c:\users\danino\source\repos\TypeScriptHTMLApp12\TypeScriptHTMLApp12\adress.js.map
c:\users\danino\source\repos\TypeScriptHTMLApp12\TypeScriptHTMLApp12\app.js
c:\users\danino\source\repos\TypeScriptHTMLApp12\TypeScriptHTMLApp12\app.js.map
c:\users\danino\source\repos\TypeScriptHTMLApp12\TypeScriptHTMLApp12\cashier.js
c:\users\danino\source\repos\TypeScriptHTMLApp12\TypeScriptHTMLApp12\cashier.js.map
c:\users\danino\source\repos\TypeScriptHTMLApp12\TypeScriptHTMLApp12\cinema.js
c:\users\danino\source\repos\TypeScriptHTMLApp12\TypeScriptHTMLApp12\cinema.js.map
c:\users\danino\source\repos\TypeScriptHTMLApp12\TypeScriptHTMLApp12\manager.js
c:\users\danino\source\repos\TypeScriptHTMLApp12\TypeScriptHTMLApp12\manager.js.map
c:\users\danino\source\repos\TypeScriptHTMLApp12\TypeScriptHTMLApp12\shifth.js
c:\users\danino\source\repos\TypeScriptHTMLApp12\TypeScriptHTMLApp12\shifth.js.map
c:\users\danino\source\repos\TypeScriptHTMLApp12\TypeScriptHTMLApp12\adress.js
c:\users\danino\source\repos\TypeScriptHTMLApp12\TypeScriptHTMLApp12\adress.js.map
c:\users\danino\source\repos\TypeScriptHTMLApp12\TypeScriptHTMLApp12\app.js
c:\users\danino\source\repos\TypeScriptHTMLApp12\TypeScriptHTMLApp12\app.js.map
c:\users\danino\source\repos\TypeScriptHTMLApp12\TypeScriptHTMLApp12\cashier.js
c:\users\danino\source\repos\TypeScriptHTMLApp12\TypeScriptHTMLApp12\cashier.js.map
c:\users\danino\source\repos\TypeScriptHTMLApp12\TypeScriptHTMLApp12\cinema.js
c:\users\danino\source\repos\TypeScriptHTMLApp12\TypeScriptHTMLApp12\cinema.js.map
c:\users\danino\source\repos\TypeScriptHTMLApp12\TypeScriptHTMLApp12\manager.js
c:\users\danino\source\repos\TypeScriptHTMLApp12\TypeScriptHTMLApp12\manager.js.map
c:\users\danino\source\repos\TypeScriptHTMLApp12\TypeScriptHTMLApp12\shifth.js
c:\users\danino\source\repos\TypeScriptHTMLApp12\TypeScriptHTMLApp12\shifth.js.map
c:\users\danino\source\repos\TypeScriptHTMLApp12\TypeScriptHTMLApp12\adress.js
c:\users\danino\source\repos\TypeScriptHTMLApp12\TypeScriptHTMLApp12\adress.js.map
c:\users\danino\source\repos\TypeScriptHTMLApp12\TypeScriptHTMLApp12\app.js
c:\users\danino\source\repos\TypeScriptHTMLApp12\TypeScriptHTMLApp12\app.js.map
c:\users\danino\source\repos\TypeScriptHTMLApp12\TypeScriptHTMLApp12\cashier.js
c:\users\danino\source\repos\TypeScriptHTMLApp12\TypeScriptHTMLApp12\cashier.js.map
c:\users\danino\source\repos\TypeScriptHTMLApp12\TypeScriptHTMLApp12\cinema.js
c:\users\danino\source\repos\TypeScriptHTMLApp12\TypeScriptHTMLApp12\cinema.js.map
c:\users\danino\source\repos\TypeScriptHTMLApp12\TypeScriptHTMLApp12\manager.js
c:\users\danino\source\repos\TypeScriptHTMLApp12\TypeScriptHTMLApp12\manager.js.map
c:\users\danino\source\repos\TypeScriptHTMLApp12\TypeScriptHTMLApp12\shifth.js
c:\users\danino\source\repos\TypeScriptHTMLApp12\TypeScriptHTMLApp12\shifth.js.map
c:\users\danino\source\repos\TypeScriptHTMLApp12\TypeScriptHTMLApp12\adress.js
c:\users\danino\source\repos\TypeScriptHTMLApp12\TypeScriptHTMLApp12\adress.js.map
c:\users\danino\source\repos\TypeScriptHTMLApp12\TypeScriptHTMLApp12\app.js
c:\users\danino\source\repos\TypeScriptHTMLApp12\TypeScriptHTMLApp12\app.js.map
c:\users\danino\source\repos\TypeScriptHTMLApp12\TypeScriptHTMLApp12\cashier.js
c:\users\danino\source\repos\TypeScriptHTMLApp12\TypeScriptHTMLApp12\cashier.js.map
c:\users\danino\source\repos\TypeScriptHTMLApp12\TypeScriptHTMLApp12\cinema.js
c:\users\danino\source\repos\TypeScriptHTMLApp12\TypeScriptHTMLApp12\cinema.js.map
c:\users\danino\source\repos\TypeScriptHTMLApp12\TypeScriptHTMLApp12\manager.js
c:\users\danino\source\repos\TypeScriptHTMLApp12\TypeScriptHTMLApp12\manager.js.map
c:\users\danino\source\repos\TypeScriptHTMLApp12\TypeScriptHTMLApp12\shifth.js
c:\users\danino\source\repos\TypeScriptHTMLApp12\TypeScriptHTMLApp12\shifth.js.map
c:\users\danino\source\repos\TypeScriptHTMLApp12\TypeScriptHTMLApp12\adress.js
c:\users\danino\source\repos\TypeScriptHTMLApp12\TypeScriptHTMLApp12\adress.js.map
c:\users\danino\source\repos\TypeScriptHTMLApp12\TypeScriptHTMLApp12\app.js
c:\users\danino\source\repos\TypeScriptHTMLApp12\TypeScriptHTMLApp12\app.js.map
c:\users\danino\source\repos\TypeScriptHTMLApp12\TypeScriptHTMLApp12\cashier.js
c:\users\danino\source\repos\TypeScriptHTMLApp12\TypeScriptHTMLApp12\cashier.js.map
c:\users\danino\source\repos\TypeScriptHTMLApp12\TypeScriptHTMLApp12\cinema.js
c:\users\danino\source\repos\TypeScriptHTMLApp12\TypeScriptHTMLApp12\cinema.js.map
c:\users\danino\source\repos\TypeScriptHTMLApp12\TypeScriptHTMLApp12\manager.js
c:\users\danino\source\repos\TypeScriptHTMLApp12\TypeScriptHTMLApp12\manager.js.map
c:\users\danino\source\repos\TypeScriptHTMLApp12\TypeScriptHTMLApp12\shifth.js
c:\users\danino\source\repos\TypeScriptHTMLApp12\TypeScriptHTMLApp12\shifth.js.map
c:\users\danino\source\repos\TypeScriptHTMLApp12\TypeScriptHTMLApp12\adress.js
c:\users\danino\source\repos\TypeScriptHTMLApp12\TypeScriptHTMLApp12\adress.js.map
c:\users\danino\source\repos\TypeScriptHTMLApp12\TypeScriptHTMLApp12\app.js
c:\users\danino\source\repos\TypeScriptHTMLApp12\TypeScriptHTMLApp12\app.js.map
c:\users\danino\source\repos\TypeScriptHTMLApp12\TypeScriptHTMLApp12\cashier.js
c:\users\danino\source\repos\TypeScriptHTMLApp12\TypeScriptHTMLApp12\cashier.js.map
c:\users\danino\source\repos\TypeScriptHTMLApp12\TypeScriptHTMLApp12\cinema.js
c:\users\danino\source\repos\TypeScriptHTMLApp12\TypeScriptHTMLApp12\cinema.js.map
c:\users\danino\source\repos\TypeScriptHTMLApp12\TypeScriptHTMLApp12\manager.js
c:\users\danino\source\repos\TypeScriptHTMLApp12\TypeScriptHTMLApp12\manager.js.map
c:\users\danino\source\repos\TypeScriptHTMLApp12\TypeScriptHTMLApp12\shifth.js
c:\users\danino\source\repos\TypeScriptHTMLApp12\TypeScriptHTMLApp12\shifth.js.map
c:\users\danino\source\repos\TypeScriptHTMLApp12\TypeScriptHTMLApp12\adress.js
c:\users\danino\source\repos\TypeScriptHTMLApp12\TypeScriptHTMLApp12\adress.js.map
c:\users\danino\source\repos\TypeScriptHTMLApp12\TypeScriptHTMLApp12\app.js
c:\users\danino\source\repos\TypeScriptHTMLApp12\TypeScriptHTMLApp12\app.js.map
c:\users\danino\source\repos\TypeScriptHTMLApp12\TypeScriptHTMLApp12\cashier.js
c:\users\danino\source\repos\TypeScriptHTMLApp12\TypeScriptHTMLApp12\cashier.js.map
c:\users\danino\source\repos\TypeScriptHTMLApp12\TypeScriptHTMLApp12\cinema.js
c:\users\danino\source\repos\TypeScriptHTMLApp12\TypeScriptHTMLApp12\cinema.js.map
c:\users\danino\source\repos\TypeScriptHTMLApp12\TypeScriptHTMLApp12\manager.js
c:\users\danino\source\repos\TypeScriptHTMLApp12\TypeScriptHTMLApp12\manager.js.map
c:\users\danino\source\repos\TypeScriptHTMLApp12\TypeScriptHTMLApp12\shifth.js
c:\users\danino\source\repos\TypeScriptHTMLApp12\TypeScriptHTMLApp12\shifth.js.map
c:\users\danino\source\repos\TypeScriptHTMLApp12\TypeScriptHTMLApp12\adress.js
c:\users\danino\source\repos\TypeScriptHTMLApp12\TypeScriptHTMLApp12\adress.js.map
c:\users\danino\source\repos\TypeScriptHTMLApp12\TypeScriptHTMLApp12\app.js
c:\users\danino\source\repos\TypeScriptHTMLApp12\TypeScriptHTMLApp12\app.js.map
c:\users\danino\source\repos\TypeScriptHTMLApp12\TypeScriptHTMLApp12\cashier.js
c:\users\danino\source\repos\TypeScriptHTMLApp12\TypeScriptHTMLApp12\cashier.js.map
c:\users\danino\source\repos\TypeScriptHTMLApp12\TypeScriptHTMLApp12\cinema.js
c:\users\danino\source\repos\TypeScriptHTMLApp12\TypeScriptHTMLApp12\cinema.js.map
c:\users\danino\source\repos\TypeScriptHTMLApp12\TypeScriptHTMLApp12\manager.js
c:\users\danino\source\repos\TypeScriptHTMLApp12\TypeScriptHTMLApp12\manager.js.map
c:\users\danino\source\repos\TypeScriptHTMLApp12\TypeScriptHTMLApp12\shifth.js
c:\users\danino\source\repos\TypeScriptHTMLApp12\TypeScriptHTMLApp12\shifth.js.map
c:\users\danino\source\repos\TypeScriptHTMLApp12\TypeScriptHTMLApp12\adress.js
c:\users\danino\source\repos\TypeScriptHTMLApp12\TypeScriptHTMLApp12\adress.js.map
c:\users\danino\source\repos\TypeScriptHTMLApp12\TypeScriptHTMLApp12\app.js
c:\users\danino\source\repos\TypeScriptHTMLApp12\TypeScriptHTMLApp12\app.js.map
c:\users\danino\source\repos\TypeScriptHTMLApp12\TypeScriptHTMLApp12\cashier.js
c:\users\danino\source\repos\TypeScriptHTMLApp12\TypeScriptHTMLApp12\cashier.js.map
c:\users\danino\source\repos\TypeScriptHTMLApp12\TypeScriptHTMLApp12\cinema.js
c:\users\danino\source\repos\TypeScriptHTMLApp12\TypeScriptHTMLApp12\cinema.js.map
c:\users\danino\source\repos\TypeScriptHTMLApp12\TypeScriptHTMLApp12\manager.js
c:\users\danino\source\repos\TypeScriptHTMLApp12\TypeScriptHTMLApp12\manager.js.map
c:\users\danino\source\repos\TypeScriptHTMLApp12\TypeScriptHTMLApp12\shifth.js
c:\users\danino\source\repos\TypeScriptHTMLApp12\TypeScriptHTMLApp12\shifth.js.map
c:\users\danino\source\repos\TypeScriptHTMLApp12\TypeScriptHTMLApp12\adress.js
c:\users\danino\source\repos\TypeScriptHTMLApp12\TypeScriptHTMLApp12\adress.js.map
c:\users\danino\source\repos\TypeScriptHTMLApp12\TypeScriptHTMLApp12\app.js
c:\users\danino\source\repos\TypeScriptHTMLApp12\TypeScriptHTMLApp12\app.js.map
c:\users\danino\source\repos\TypeScriptHTMLApp12\TypeScriptHTMLApp12\cashier.js
c:\users\danino\source\repos\TypeScriptHTMLApp12\TypeScriptHTMLApp12\cashier.js.map
c:\users\danino\source\repos\TypeScriptHTMLApp12\TypeScriptHTMLApp12\cinema.js
c:\users\danino\source\repos\TypeScriptHTMLApp12\TypeScriptHTMLApp12\cinema.js.map
c:\users\danino\source\repos\TypeScriptHTMLApp12\TypeScriptHTMLApp12\manager.js
c:\users\danino\source\repos\TypeScriptHTMLApp12\TypeScriptHTMLApp12\manager.js.map
c:\users\danino\source\repos\TypeScriptHTMLApp12\TypeScriptHTMLApp12\shifth.js
c:\users\danino\source\repos\TypeScriptHTMLApp12\TypeScriptHTMLApp12\shifth.js.map
c:\users\danino\source\repos\TypeScriptHTMLApp12\TypeScriptHTMLApp12\adress.js
c:\users\danino\source\repos\TypeScriptHTMLApp12\TypeScriptHTMLApp12\adress.js.map
c:\users\danino\source\repos\TypeScriptHTMLApp12\TypeScriptHTMLApp12\app.js
c:\users\danino\source\repos\TypeScriptHTMLApp12\TypeScriptHTMLApp12\app.js.map
c:\users\danino\source\repos\TypeScriptHTMLApp12\TypeScriptHTMLApp12\cashier.js
c:\users\danino\source\repos\TypeScriptHTMLApp12\TypeScriptHTMLApp12\cashier.js.map
c:\users\danino\source\repos\TypeScriptHTMLApp12\TypeScriptHTMLApp12\cinema.js
c:\users\danino\source\repos\TypeScriptHTMLApp12\TypeScriptHTMLApp12\cinema.js.map
c:\users\danino\source\repos\TypeScriptHTMLApp12\TypeScriptHTMLApp12\manager.js
c:\users\danino\source\repos\TypeScriptHTMLApp12\TypeScriptHTMLApp12\manager.js.map
c:\users\danino\source\repos\TypeScriptHTMLApp12\TypeScriptHTMLApp12\shifth.js
c:\users\danino\source\repos\TypeScriptHTMLApp12\TypeScriptHTMLApp12\shifth.js.map
c:\users\danino\source\repos\TypeScriptHTMLApp12\TypeScriptHTMLApp12\adress.js
c:\users\danino\source\repos\TypeScriptHTMLApp12\TypeScriptHTMLApp12\adress.js.map
c:\users\danino\source\repos\TypeScriptHTMLApp12\TypeScriptHTMLApp12\app.js
c:\users\danino\source\repos\TypeScriptHTMLApp12\TypeScriptHTMLApp12\app.js.map
c:\users\danino\source\repos\TypeScriptHTMLApp12\TypeScriptHTMLApp12\cashier.js
c:\users\danino\source\repos\TypeScriptHTMLApp12\TypeScriptHTMLApp12\cashier.js.map
c:\users\danino\source\repos\TypeScriptHTMLApp12\TypeScriptHTMLApp12\cinema.js
c:\users\danino\source\repos\TypeScriptHTMLApp12\TypeScriptHTMLApp12\cinema.js.map
c:\users\danino\source\repos\TypeScriptHTMLApp12\TypeScriptHTMLApp12\manager.js
c:\users\danino\source\repos\TypeScriptHTMLApp12\TypeScriptHTMLApp12\manager.js.map
c:\users\danino\source\repos\TypeScriptHTMLApp12\TypeScriptHTMLApp12\shifth.js
c:\users\danino\source\repos\TypeScriptHTMLApp12\TypeScriptHTMLApp12\shifth.js.map
c:\users\danino\source\repos\TypeScriptHTMLApp12\TypeScriptHTMLApp12\adress.js
c:\users\danino\source\repos\TypeScriptHTMLApp12\TypeScriptHTMLApp12\adress.js.map
c:\users\danino\source\repos\TypeScriptHTMLApp12\TypeScriptHTMLApp12\app.js
c:\users\danino\source\repos\TypeScriptHTMLApp12\TypeScriptHTMLApp12\app.js.map
c:\users\danino\source\repos\TypeScriptHTMLApp12\TypeScriptHTMLApp12\cashier.js
c:\users\danino\source\repos\TypeScriptHTMLApp12\TypeScriptHTMLApp12\cashier.js.map
c:\users\danino\source\repos\TypeScriptHTMLApp12\TypeScriptHTMLApp12\cinema.js
c:\users\danino\source\repos\TypeScriptHTMLApp12\TypeScriptHTMLApp12\cinema.js.map
c:\users\danino\source\repos\TypeScriptHTMLApp12\TypeScriptHTMLApp12\manager.js
c:\users\danino\source\repos\TypeScriptHTMLApp12\TypeScriptHTMLApp12\manager.js.map
c:\users\danino\source\repos\TypeScriptHTMLApp12\TypeScriptHTMLApp12\shifth.js
c:\users\danino\source\repos\TypeScriptHTMLApp12\TypeScriptHTMLApp12\shifth.js.map
c:\users\danino\source\repos\TypeScriptHTMLApp12\TypeScriptHTMLApp12\adress.js
c:\users\danino\source\repos\TypeScriptHTMLApp12\TypeScriptHTMLApp12\adress.js.map
c:\users\danino\source\repos\TypeScriptHTMLApp12\TypeScriptHTMLApp12\app.js
c:\users\danino\source\repos\TypeScriptHTMLApp12\TypeScriptHTMLApp12\app.js.map
c:\users\danino\source\repos\TypeScriptHTMLApp12\TypeScriptHTMLApp12\cashier.js
c:\users\danino\source\repos\TypeScriptHTMLApp12\TypeScriptHTMLApp12\cashier.js.map
c:\users\danino\source\repos\TypeScriptHTMLApp12\TypeScriptHTMLApp12\cinema.js
c:\users\danino\source\repos\TypeScriptHTMLApp12\TypeScriptHTMLApp12\cinema.js.map
c:\users\danino\source\repos\TypeScriptHTMLApp12\TypeScriptHTMLApp12\manager.js
c:\users\danino\source\repos\TypeScriptHTMLApp12\TypeScriptHTMLApp12\manager.js.map
c:\users\danino\source\repos\TypeScriptHTMLApp12\TypeScriptHTMLApp12\shifth.js
c:\users\danino\source\repos\TypeScriptHTMLApp12\TypeScriptHTMLApp12\shifth.js.map
c:\users\danino\source\repos\TypeScriptHTMLApp12\TypeScriptHTMLApp12\adress.js
c:\users\danino\source\repos\TypeScriptHTMLApp12\TypeScriptHTMLApp12\adress.js.map
c:\users\danino\source\repos\TypeScriptHTMLApp12\TypeScriptHTMLApp12\app.js
c:\users\danino\source\repos\TypeScriptHTMLApp12\TypeScriptHTMLApp12\app.js.map
c:\users\danino\source\repos\TypeScriptHTMLApp12\TypeScriptHTMLApp12\cashier.js
c:\users\danino\source\repos\TypeScriptHTMLApp12\TypeScriptHTMLApp12\cashier.js.map
c:\users\danino\source\repos\TypeScriptHTMLApp12\TypeScriptHTMLApp12\cinema.js
c:\users\danino\source\repos\TypeScriptHTMLApp12\TypeScriptHTMLApp12\cinema.js.map
c:\users\danino\source\repos\TypeScriptHTMLApp12\TypeScriptHTMLApp12\manager.js
c:\users\danino\source\repos\TypeScriptHTMLApp12\TypeScriptHTMLApp12\manager.js.map
c:\users\danino\source\repos\TypeScriptHTMLApp12\TypeScriptHTMLApp12\shifth.js
c:\users\danino\source\repos\TypeScriptHTMLApp12\TypeScriptHTMLApp12\shifth.js.map
c:\users\danino\source\repos\TypeScriptHTMLApp12\TypeScriptHTMLApp12\adress.js
c:\users\danino\source\repos\TypeScriptHTMLApp12\TypeScriptHTMLApp12\adress.js.map
c:\users\danino\source\repos\TypeScriptHTMLApp12\TypeScriptHTMLApp12\app.js
c:\users\danino\source\repos\TypeScriptHTMLApp12\TypeScriptHTMLApp12\app.js.map
c:\users\danino\source\repos\TypeScriptHTMLApp12\TypeScriptHTMLApp12\cashier.js
c:\users\danino\source\repos\TypeScriptHTMLApp12\TypeScriptHTMLApp12\cashier.js.map
c:\users\danino\source\repos\TypeScriptHTMLApp12\TypeScriptHTMLApp12\cinema.js
c:\users\danino\source\repos\TypeScriptHTMLApp12\TypeScriptHTMLApp12\cinema.js.map
c:\users\danino\source\repos\TypeScriptHTMLApp12\TypeScriptHTMLApp12\manager.js
c:\users\danino\source\repos\TypeScriptHTMLApp12\TypeScriptHTMLApp12\manager.js.map
c:\users\danino\source\repos\TypeScriptHTMLApp12\TypeScriptHTMLApp12\shifth.js
c:\users\danino\source\repos\TypeScriptHTMLApp12\TypeScriptHTMLApp12\shifth.js.map
c:\users\danino\source\repos\TypeScriptHTMLApp12\TypeScriptHTMLApp12\adress.js
c:\users\danino\source\repos\TypeScriptHTMLApp12\TypeScriptHTMLApp12\adress.js.map
c:\users\danino\source\repos\TypeScriptHTMLApp12\TypeScriptHTMLApp12\app.js
c:\users\danino\source\repos\TypeScriptHTMLApp12\TypeScriptHTMLApp12\app.js.map
c:\users\danino\source\repos\TypeScriptHTMLApp12\TypeScriptHTMLApp12\cashier.js
c:\users\danino\source\repos\TypeScriptHTMLApp12\TypeScriptHTMLApp12\cashier.js.map
c:\users\danino\source\repos\TypeScriptHTMLApp12\TypeScriptHTMLApp12\cinema.js
c:\users\danino\source\repos\TypeScriptHTMLApp12\TypeScriptHTMLApp12\cinema.js.map
c:\users\danino\source\repos\TypeScriptHTMLApp12\TypeScriptHTMLApp12\manager.js
c:\users\danino\source\repos\TypeScriptHTMLApp12\TypeScriptHTMLApp12\manager.js.map
c:\users\danino\source\repos\TypeScriptHTMLApp12\TypeScriptHTMLApp12\shifth.js
c:\users\danino\source\repos\TypeScriptHTMLApp12\TypeScriptHTMLApp12\shifth.js.map
