c:\users\danino\source\repos\TypeScriptHtml22\TypeScriptHtml22\app.js
c:\users\danino\source\repos\TypeScriptHtml22\TypeScriptHtml22\app.js.map
c:\users\danino\source\repos\TypeScriptHtml22\TypeScriptHtml22\student.js
c:\users\danino\source\repos\TypeScriptHtml22\TypeScriptHtml22\student.js.map
c:\users\danino\source\repos\TypeScriptHtml22\TypeScriptHtml22\teacher.js
c:\users\danino\source\repos\TypeScriptHtml22\TypeScriptHtml22\teacher.js.map
c:\users\danino\source\repos\TypeScriptHtml22\TypeScriptHtml22\team.js
c:\users\danino\source\repos\TypeScriptHtml22\TypeScriptHtml22\team.js.map
c:\users\danino\source\repos\TypeScriptHtml22\TypeScriptHtml22\app.js
c:\users\danino\source\repos\TypeScriptHtml22\TypeScriptHtml22\app.js.map
c:\users\danino\source\repos\TypeScriptHtml22\TypeScriptHtml22\student.js
c:\users\danino\source\repos\TypeScriptHtml22\TypeScriptHtml22\student.js.map
c:\users\danino\source\repos\TypeScriptHtml22\TypeScriptHtml22\teacher.js
c:\users\danino\source\repos\TypeScriptHtml22\TypeScriptHtml22\teacher.js.map
c:\users\danino\source\repos\TypeScriptHtml22\TypeScriptHtml22\team.js
c:\users\danino\source\repos\TypeScriptHtml22\TypeScriptHtml22\team.js.map
c:\users\danino\source\repos\TypeScriptHtml22\TypeScriptHtml22\app.js
c:\users\danino\source\repos\TypeScriptHtml22\TypeScriptHtml22\app.js.map
c:\users\danino\source\repos\TypeScriptHtml22\TypeScriptHtml22\student.js
c:\users\danino\source\repos\TypeScriptHtml22\TypeScriptHtml22\student.js.map
c:\users\danino\source\repos\TypeScriptHtml22\TypeScriptHtml22\teacher.js
c:\users\danino\source\repos\TypeScriptHtml22\TypeScriptHtml22\teacher.js.map
c:\users\danino\source\repos\TypeScriptHtml22\TypeScriptHtml22\team.js
c:\users\danino\source\repos\TypeScriptHtml22\TypeScriptHtml22\team.js.map
c:\users\danino\source\repos\TypeScriptHtml22\TypeScriptHtml22\app.js
c:\users\danino\source\repos\TypeScriptHtml22\TypeScriptHtml22\app.js.map
c:\users\danino\source\repos\TypeScriptHtml22\TypeScriptHtml22\student.js
c:\users\danino\source\repos\TypeScriptHtml22\TypeScriptHtml22\student.js.map
c:\users\danino\source\repos\TypeScriptHtml22\TypeScriptHtml22\teacher.js
c:\users\danino\source\repos\TypeScriptHtml22\TypeScriptHtml22\teacher.js.map
c:\users\danino\source\repos\TypeScriptHtml22\TypeScriptHtml22\team.js
c:\users\danino\source\repos\TypeScriptHtml22\TypeScriptHtml22\team.js.map
c:\users\danino\source\repos\TypeScriptHtml22\TypeScriptHtml22\app.js
c:\users\danino\source\repos\TypeScriptHtml22\TypeScriptHtml22\app.js.map
c:\users\danino\source\repos\TypeScriptHtml22\TypeScriptHtml22\student.js
c:\users\danino\source\repos\TypeScriptHtml22\TypeScriptHtml22\student.js.map
c:\users\danino\source\repos\TypeScriptHtml22\TypeScriptHtml22\teacher.js
c:\users\danino\source\repos\TypeScriptHtml22\TypeScriptHtml22\teacher.js.map
c:\users\danino\source\repos\TypeScriptHtml22\TypeScriptHtml22\team.js
c:\users\danino\source\repos\TypeScriptHtml22\TypeScriptHtml22\team.js.map
c:\users\danino\source\repos\TypeScriptHtml22\TypeScriptHtml22\app.js
c:\users\danino\source\repos\TypeScriptHtml22\TypeScriptHtml22\app.js.map
c:\users\danino\source\repos\TypeScriptHtml22\TypeScriptHtml22\student.js
c:\users\danino\source\repos\TypeScriptHtml22\TypeScriptHtml22\student.js.map
c:\users\danino\source\repos\TypeScriptHtml22\TypeScriptHtml22\teacher.js
c:\users\danino\source\repos\TypeScriptHtml22\TypeScriptHtml22\teacher.js.map
c:\users\danino\source\repos\TypeScriptHtml22\TypeScriptHtml22\team.js
c:\users\danino\source\repos\TypeScriptHtml22\TypeScriptHtml22\team.js.map
