c:\users\danino\source\repos\homeWork_26_01_18\homeWork_26_01_18\app.js
c:\users\danino\source\repos\homeWork_26_01_18\homeWork_26_01_18\app.js.map
c:\users\danino\source\repos\homeWork_26_01_18\homeWork_26_01_18\basicDate.js
c:\users\danino\source\repos\homeWork_26_01_18\homeWork_26_01_18\basicDate.js.map
c:\users\danino\source\repos\homeWork_26_01_18\homeWork_26_01_18\fullTime.js
c:\users\danino\source\repos\homeWork_26_01_18\homeWork_26_01_18\fullTime.js.map
c:\users\danino\source\repos\homeWork_26_01_18\homeWork_26_01_18\product.js
c:\users\danino\source\repos\homeWork_26_01_18\homeWork_26_01_18\product.js.map
c:\users\danino\source\repos\homeWork_26_01_18\homeWork_26_01_18\app.js
c:\users\danino\source\repos\homeWork_26_01_18\homeWork_26_01_18\app.js.map
c:\users\danino\source\repos\homeWork_26_01_18\homeWork_26_01_18\basicDate.js
c:\users\danino\source\repos\homeWork_26_01_18\homeWork_26_01_18\basicDate.js.map
c:\users\danino\source\repos\homeWork_26_01_18\homeWork_26_01_18\fullTime.js
c:\users\danino\source\repos\homeWork_26_01_18\homeWork_26_01_18\fullTime.js.map
c:\users\danino\source\repos\homeWork_26_01_18\homeWork_26_01_18\product.js
c:\users\danino\source\repos\homeWork_26_01_18\homeWork_26_01_18\product.js.map
c:\users\danino\source\repos\homeWork_26_01_18\homeWork_26_01_18\app.js
c:\users\danino\source\repos\homeWork_26_01_18\homeWork_26_01_18\app.js.map
c:\users\danino\source\repos\homeWork_26_01_18\homeWork_26_01_18\basicDate.js
c:\users\danino\source\repos\homeWork_26_01_18\homeWork_26_01_18\basicDate.js.map
c:\users\danino\source\repos\homeWork_26_01_18\homeWork_26_01_18\fullTime.js
c:\users\danino\source\repos\homeWork_26_01_18\homeWork_26_01_18\fullTime.js.map
c:\users\danino\source\repos\homeWork_26_01_18\homeWork_26_01_18\product.js
c:\users\danino\source\repos\homeWork_26_01_18\homeWork_26_01_18\product.js.map
c:\users\danino\source\repos\homeWork_26_01_18\homeWork_26_01_18\app.js
c:\users\danino\source\repos\homeWork_26_01_18\homeWork_26_01_18\app.js.map
c:\users\danino\source\repos\homeWork_26_01_18\homeWork_26_01_18\basicDate.js
c:\users\danino\source\repos\homeWork_26_01_18\homeWork_26_01_18\basicDate.js.map
c:\users\danino\source\repos\homeWork_26_01_18\homeWork_26_01_18\fullTime.js
c:\users\danino\source\repos\homeWork_26_01_18\homeWork_26_01_18\fullTime.js.map
c:\users\danino\source\repos\homeWork_26_01_18\homeWork_26_01_18\product.js
c:\users\danino\source\repos\homeWork_26_01_18\homeWork_26_01_18\product.js.map
c:\users\danino\source\repos\homeWork_26_01_18\homeWork_26_01_18\app.js
c:\users\danino\source\repos\homeWork_26_01_18\homeWork_26_01_18\app.js.map
c:\users\danino\source\repos\homeWork_26_01_18\homeWork_26_01_18\basicDate.js
c:\users\danino\source\repos\homeWork_26_01_18\homeWork_26_01_18\basicDate.js.map
c:\users\danino\source\repos\homeWork_26_01_18\homeWork_26_01_18\fullTime.js
c:\users\danino\source\repos\homeWork_26_01_18\homeWork_26_01_18\fullTime.js.map
c:\users\danino\source\repos\homeWork_26_01_18\homeWork_26_01_18\product.js
c:\users\danino\source\repos\homeWork_26_01_18\homeWork_26_01_18\product.js.map
c:\users\danino\source\repos\homeWork_26_01_18\homeWork_26_01_18\app.js
c:\users\danino\source\repos\homeWork_26_01_18\homeWork_26_01_18\app.js.map
c:\users\danino\source\repos\homeWork_26_01_18\homeWork_26_01_18\basicDate.js
c:\users\danino\source\repos\homeWork_26_01_18\homeWork_26_01_18\basicDate.js.map
c:\users\danino\source\repos\homeWork_26_01_18\homeWork_26_01_18\fullTime.js
c:\users\danino\source\repos\homeWork_26_01_18\homeWork_26_01_18\fullTime.js.map
c:\users\danino\source\repos\homeWork_26_01_18\homeWork_26_01_18\product.js
c:\users\danino\source\repos\homeWork_26_01_18\homeWork_26_01_18\product.js.map
c:\users\danino\source\repos\homeWork_26_01_18\homeWork_26_01_18\app.js
c:\users\danino\source\repos\homeWork_26_01_18\homeWork_26_01_18\app.js.map
c:\users\danino\source\repos\homeWork_26_01_18\homeWork_26_01_18\basicDate.js
c:\users\danino\source\repos\homeWork_26_01_18\homeWork_26_01_18\basicDate.js.map
c:\users\danino\source\repos\homeWork_26_01_18\homeWork_26_01_18\fullTime.js
c:\users\danino\source\repos\homeWork_26_01_18\homeWork_26_01_18\fullTime.js.map
c:\users\danino\source\repos\homeWork_26_01_18\homeWork_26_01_18\product.js
c:\users\danino\source\repos\homeWork_26_01_18\homeWork_26_01_18\product.js.map
c:\users\danino\source\repos\homeWork_26_01_18\homeWork_26_01_18\app.js
c:\users\danino\source\repos\homeWork_26_01_18\homeWork_26_01_18\app.js.map
c:\users\danino\source\repos\homeWork_26_01_18\homeWork_26_01_18\basicDate.js
c:\users\danino\source\repos\homeWork_26_01_18\homeWork_26_01_18\basicDate.js.map
c:\users\danino\source\repos\homeWork_26_01_18\homeWork_26_01_18\fullTime.js
c:\users\danino\source\repos\homeWork_26_01_18\homeWork_26_01_18\fullTime.js.map
c:\users\danino\source\repos\homeWork_26_01_18\homeWork_26_01_18\product.js
c:\users\danino\source\repos\homeWork_26_01_18\homeWork_26_01_18\product.js.map
c:\users\danino\source\repos\homeWork_26_01_18\homeWork_26_01_18\app.js
c:\users\danino\source\repos\homeWork_26_01_18\homeWork_26_01_18\app.js.map
c:\users\danino\source\repos\homeWork_26_01_18\homeWork_26_01_18\basicDate.js
c:\users\danino\source\repos\homeWork_26_01_18\homeWork_26_01_18\basicDate.js.map
c:\users\danino\source\repos\homeWork_26_01_18\homeWork_26_01_18\fullTime.js
c:\users\danino\source\repos\homeWork_26_01_18\homeWork_26_01_18\fullTime.js.map
c:\users\danino\source\repos\homeWork_26_01_18\homeWork_26_01_18\product.js
c:\users\danino\source\repos\homeWork_26_01_18\homeWork_26_01_18\product.js.map
c:\users\danino\source\repos\homeWork_26_01_18\homeWork_26_01_18\app.js
c:\users\danino\source\repos\homeWork_26_01_18\homeWork_26_01_18\app.js.map
c:\users\danino\source\repos\homeWork_26_01_18\homeWork_26_01_18\basicDate.js
c:\users\danino\source\repos\homeWork_26_01_18\homeWork_26_01_18\basicDate.js.map
c:\users\danino\source\repos\homeWork_26_01_18\homeWork_26_01_18\fullTime.js
c:\users\danino\source\repos\homeWork_26_01_18\homeWork_26_01_18\fullTime.js.map
c:\users\danino\source\repos\homeWork_26_01_18\homeWork_26_01_18\product.js
c:\users\danino\source\repos\homeWork_26_01_18\homeWork_26_01_18\product.js.map
C:\Users\Danino\source\repos\homeWork_26_01_18\homeWork_26_01_18\app.js
C:\Users\Danino\source\repos\homeWork_26_01_18\homeWork_26_01_18\app.js.map
C:\Users\Danino\source\repos\homeWork_26_01_18\homeWork_26_01_18\basicDate.js
C:\Users\Danino\source\repos\homeWork_26_01_18\homeWork_26_01_18\basicDate.js.map
C:\Users\Danino\source\repos\homeWork_26_01_18\homeWork_26_01_18\fullTime.js
C:\Users\Danino\source\repos\homeWork_26_01_18\homeWork_26_01_18\fullTime.js.map
C:\Users\Danino\source\repos\homeWork_26_01_18\homeWork_26_01_18\product.js
C:\Users\Danino\source\repos\homeWork_26_01_18\homeWork_26_01_18\product.js.map
C:\Users\Danino\source\repos\homeWork_26_01_18\homeWork_26_01_18\app.js
C:\Users\Danino\source\repos\homeWork_26_01_18\homeWork_26_01_18\app.js.map
C:\Users\Danino\source\repos\homeWork_26_01_18\homeWork_26_01_18\basicDate.js
C:\Users\Danino\source\repos\homeWork_26_01_18\homeWork_26_01_18\basicDate.js.map
C:\Users\Danino\source\repos\homeWork_26_01_18\homeWork_26_01_18\fullTime.js
C:\Users\Danino\source\repos\homeWork_26_01_18\homeWork_26_01_18\fullTime.js.map
C:\Users\Danino\source\repos\homeWork_26_01_18\homeWork_26_01_18\product.js
C:\Users\Danino\source\repos\homeWork_26_01_18\homeWork_26_01_18\product.js.map
C:\Users\Danino\source\repos\homeWork_26_01_18\homeWork_26_01_18\app.js
C:\Users\Danino\source\repos\homeWork_26_01_18\homeWork_26_01_18\app.js.map
C:\Users\Danino\source\repos\homeWork_26_01_18\homeWork_26_01_18\basicDate.js
C:\Users\Danino\source\repos\homeWork_26_01_18\homeWork_26_01_18\basicDate.js.map
C:\Users\Danino\source\repos\homeWork_26_01_18\homeWork_26_01_18\fullTime.js
C:\Users\Danino\source\repos\homeWork_26_01_18\homeWork_26_01_18\fullTime.js.map
C:\Users\Danino\source\repos\homeWork_26_01_18\homeWork_26_01_18\product.js
C:\Users\Danino\source\repos\homeWork_26_01_18\homeWork_26_01_18\product.js.map
C:\Users\Danino\source\repos\homeWork_26_01_18\homeWork_26_01_18\app.js
C:\Users\Danino\source\repos\homeWork_26_01_18\homeWork_26_01_18\app.js.map
C:\Users\Danino\source\repos\homeWork_26_01_18\homeWork_26_01_18\basicDate.js
C:\Users\Danino\source\repos\homeWork_26_01_18\homeWork_26_01_18\basicDate.js.map
C:\Users\Danino\source\repos\homeWork_26_01_18\homeWork_26_01_18\fullTime.js
C:\Users\Danino\source\repos\homeWork_26_01_18\homeWork_26_01_18\fullTime.js.map
C:\Users\Danino\source\repos\homeWork_26_01_18\homeWork_26_01_18\product.js
C:\Users\Danino\source\repos\homeWork_26_01_18\homeWork_26_01_18\product.js.map
C:\Users\Danino\source\repos\homeWork_26_01_18\homeWork_26_01_18\app.js
C:\Users\Danino\source\repos\homeWork_26_01_18\homeWork_26_01_18\app.js.map
C:\Users\Danino\source\repos\homeWork_26_01_18\homeWork_26_01_18\basicDate.js
C:\Users\Danino\source\repos\homeWork_26_01_18\homeWork_26_01_18\basicDate.js.map
C:\Users\Danino\source\repos\homeWork_26_01_18\homeWork_26_01_18\fullTime.js
C:\Users\Danino\source\repos\homeWork_26_01_18\homeWork_26_01_18\fullTime.js.map
C:\Users\Danino\source\repos\homeWork_26_01_18\homeWork_26_01_18\product.js
C:\Users\Danino\source\repos\homeWork_26_01_18\homeWork_26_01_18\product.js.map
C:\Users\Danino\source\repos\homeWork_26_01_18\homeWork_26_01_18\app.js
C:\Users\Danino\source\repos\homeWork_26_01_18\homeWork_26_01_18\app.js.map
C:\Users\Danino\source\repos\homeWork_26_01_18\homeWork_26_01_18\basicDate.js
C:\Users\Danino\source\repos\homeWork_26_01_18\homeWork_26_01_18\basicDate.js.map
C:\Users\Danino\source\repos\homeWork_26_01_18\homeWork_26_01_18\fullTime.js
C:\Users\Danino\source\repos\homeWork_26_01_18\homeWork_26_01_18\fullTime.js.map
C:\Users\Danino\source\repos\homeWork_26_01_18\homeWork_26_01_18\product.js
C:\Users\Danino\source\repos\homeWork_26_01_18\homeWork_26_01_18\product.js.map
C:\Users\Danino\source\repos\homeWork_26_01_18\homeWork_26_01_18\app.js
C:\Users\Danino\source\repos\homeWork_26_01_18\homeWork_26_01_18\app.js.map
C:\Users\Danino\source\repos\homeWork_26_01_18\homeWork_26_01_18\basicDate.js
C:\Users\Danino\source\repos\homeWork_26_01_18\homeWork_26_01_18\basicDate.js.map
C:\Users\Danino\source\repos\homeWork_26_01_18\homeWork_26_01_18\fullTime.js
C:\Users\Danino\source\repos\homeWork_26_01_18\homeWork_26_01_18\fullTime.js.map
C:\Users\Danino\source\repos\homeWork_26_01_18\homeWork_26_01_18\product.js
C:\Users\Danino\source\repos\homeWork_26_01_18\homeWork_26_01_18\product.js.map
C:\Users\Danino\source\repos\homeWork_26_01_18\homeWork_26_01_18\app.js
C:\Users\Danino\source\repos\homeWork_26_01_18\homeWork_26_01_18\app.js.map
C:\Users\Danino\source\repos\homeWork_26_01_18\homeWork_26_01_18\basicDate.js
C:\Users\Danino\source\repos\homeWork_26_01_18\homeWork_26_01_18\basicDate.js.map
C:\Users\Danino\source\repos\homeWork_26_01_18\homeWork_26_01_18\fullTime.js
C:\Users\Danino\source\repos\homeWork_26_01_18\homeWork_26_01_18\fullTime.js.map
C:\Users\Danino\source\repos\homeWork_26_01_18\homeWork_26_01_18\product.js
C:\Users\Danino\source\repos\homeWork_26_01_18\homeWork_26_01_18\product.js.map
C:\Users\Danino\source\repos\homeWork_26_01_18\homeWork_26_01_18\app.js
C:\Users\Danino\source\repos\homeWork_26_01_18\homeWork_26_01_18\app.js.map
C:\Users\Danino\source\repos\homeWork_26_01_18\homeWork_26_01_18\basicDate.js
C:\Users\Danino\source\repos\homeWork_26_01_18\homeWork_26_01_18\basicDate.js.map
C:\Users\Danino\source\repos\homeWork_26_01_18\homeWork_26_01_18\fullTime.js
C:\Users\Danino\source\repos\homeWork_26_01_18\homeWork_26_01_18\fullTime.js.map
C:\Users\Danino\source\repos\homeWork_26_01_18\homeWork_26_01_18\product.js
C:\Users\Danino\source\repos\homeWork_26_01_18\homeWork_26_01_18\product.js.map
