c:\users\danino\source\repos\TypeScriptHTMLApp9\TypeScriptHTMLApp9\app.js
c:\users\danino\source\repos\TypeScriptHTMLApp9\TypeScriptHTMLApp9\app.js.map
c:\users\danino\source\repos\TypeScriptHTMLApp9\TypeScriptHTMLApp9\app.js
c:\users\danino\source\repos\TypeScriptHTMLApp9\TypeScriptHTMLApp9\app.js.map
c:\users\danino\source\repos\TypeScriptHTMLApp9\TypeScriptHTMLApp9\app.js
c:\users\danino\source\repos\TypeScriptHTMLApp9\TypeScriptHTMLApp9\app.js.map
c:\users\danino\source\repos\TypeScriptHTMLApp9\TypeScriptHTMLApp9\app.js
c:\users\danino\source\repos\TypeScriptHTMLApp9\TypeScriptHTMLApp9\app.js.map
c:\users\danino\source\repos\TypeScriptHTMLApp9\TypeScriptHTMLApp9\app.js
c:\users\danino\source\repos\TypeScriptHTMLApp9\TypeScriptHTMLApp9\app.js.map
c:\users\danino\source\repos\TypeScriptHTMLApp9\TypeScriptHTMLApp9\app.js
c:\users\danino\source\repos\TypeScriptHTMLApp9\TypeScriptHTMLApp9\app.js.map
c:\users\danino\source\repos\TypeScriptHTMLApp9\TypeScriptHTMLApp9\app.js
c:\users\danino\source\repos\TypeScriptHTMLApp9\TypeScriptHTMLApp9\app.js.map
C:\Users\Danino\source\repos\TypeScriptHTMLApp9\TypeScriptHTMLApp9\app.js
C:\Users\Danino\source\repos\TypeScriptHTMLApp9\TypeScriptHTMLApp9\app.js.map
C:\Users\Danino\source\repos\TypeScriptHTMLApp9\TypeScriptHTMLApp9\app.js
C:\Users\Danino\source\repos\TypeScriptHTMLApp9\TypeScriptHTMLApp9\app.js.map
C:\Users\Danino\source\repos\TypeScriptHTMLApp9\TypeScriptHTMLApp9\app.js
C:\Users\Danino\source\repos\TypeScriptHTMLApp9\TypeScriptHTMLApp9\app.js.map
C:\Users\Danino\source\repos\TypeScriptHTMLApp9\TypeScriptHTMLApp9\app.js
C:\Users\Danino\source\repos\TypeScriptHTMLApp9\TypeScriptHTMLApp9\app.js.map
C:\Users\Danino\source\repos\TypeScriptHTMLApp9\TypeScriptHTMLApp9\app.js
C:\Users\Danino\source\repos\TypeScriptHTMLApp9\TypeScriptHTMLApp9\app.js.map
C:\Users\Danino\source\repos\TypeScriptHTMLApp9\TypeScriptHTMLApp9\app.js
C:\Users\Danino\source\repos\TypeScriptHTMLApp9\TypeScriptHTMLApp9\app.js.map
C:\Users\Danino\source\repos\TypeScriptHTMLApp9\TypeScriptHTMLApp9\app.js
C:\Users\Danino\source\repos\TypeScriptHTMLApp9\TypeScriptHTMLApp9\app.js.map
C:\Users\Danino\source\repos\TypeScriptHTMLApp9\TypeScriptHTMLApp9\app.js
C:\Users\Danino\source\repos\TypeScriptHTMLApp9\TypeScriptHTMLApp9\app.js.map
C:\Users\Danino\source\repos\TypeScriptHTMLApp9\TypeScriptHTMLApp9\app.js
C:\Users\Danino\source\repos\TypeScriptHTMLApp9\TypeScriptHTMLApp9\app.js.map
C:\Users\Danino\source\repos\TypeScriptHTMLApp9\TypeScriptHTMLApp9\app.js
C:\Users\Danino\source\repos\TypeScriptHTMLApp9\TypeScriptHTMLApp9\app.js.map
C:\Users\Danino\source\repos\TypeScriptHTMLApp9\TypeScriptHTMLApp9\app.js
C:\Users\Danino\source\repos\TypeScriptHTMLApp9\TypeScriptHTMLApp9\app.js.map
C:\Users\Danino\source\repos\TypeScriptHTMLApp9\TypeScriptHTMLApp9\app.js
C:\Users\Danino\source\repos\TypeScriptHTMLApp9\TypeScriptHTMLApp9\app.js.map
C:\Users\Danino\Desktop\jhon bryse\project ts\app.js
C:\Users\Danino\Desktop\jhon bryse\project ts\app.js.map
C:\Users\Danino\Desktop\jhon bryse\project ts\app.js
C:\Users\Danino\Desktop\jhon bryse\project ts\app.js.map
C:\Users\Danino\Desktop\jhon bryse\project ts\app.js
C:\Users\Danino\Desktop\jhon bryse\project ts\app.js.map
C:\Users\Danino\Desktop\jhon bryse\project ts\app.js
C:\Users\Danino\Desktop\jhon bryse\project ts\app.js.map
C:\Users\Danino\Desktop\jhon bryse\project ts\app.js
C:\Users\Danino\Desktop\jhon bryse\project ts\app.js.map
C:\Users\Danino\Desktop\jhon bryse\project ts\app.js
C:\Users\Danino\Desktop\jhon bryse\project ts\app.js.map
C:\Users\Danino\Desktop\jhon bryse\project ts\app.js
C:\Users\Danino\Desktop\jhon bryse\project ts\app.js.map
C:\Users\Danino\Desktop\jhon bryse\project ts\app.js
C:\Users\Danino\Desktop\jhon bryse\project ts\app.js.map
C:\Users\Danino\Desktop\jhon bryse\project ts\app.js
C:\Users\Danino\Desktop\jhon bryse\project ts\app.js.map
C:\Users\Danino\Desktop\jhon bryse\project ts\app.js
C:\Users\Danino\Desktop\jhon bryse\project ts\app.js.map
C:\Users\Danino\Desktop\jhon bryse\project ts\app.js
C:\Users\Danino\Desktop\jhon bryse\project ts\app.js.map
C:\Users\Danino\Desktop\jhon bryse\project ts\app.js
C:\Users\Danino\Desktop\jhon bryse\project ts\app.js.map
C:\Users\Danino\Desktop\jhon bryse\project ts\app.js
C:\Users\Danino\Desktop\jhon bryse\project ts\app.js.map
C:\Users\Danino\Desktop\jhon bryse\project ts\app.js
C:\Users\Danino\Desktop\jhon bryse\project ts\app.js.map
C:\Users\Danino\Desktop\jhon bryse\project ts\app.js
C:\Users\Danino\Desktop\jhon bryse\project ts\app.js.map
C:\Users\Danino\Desktop\jhon bryse\project ts\app.js
C:\Users\Danino\Desktop\jhon bryse\project ts\app.js.map
C:\Users\Danino\Desktop\jhon bryse\project ts\app.js
C:\Users\Danino\Desktop\jhon bryse\project ts\app.js.map
C:\Users\Danino\Desktop\jhon bryse\project ts\app.js
C:\Users\Danino\Desktop\jhon bryse\project ts\app.js.map
