c:\users\danino\source\repos\HomeWork_30_01_18\HomeWork_30_01_18\airplane.js
c:\users\danino\source\repos\HomeWork_30_01_18\HomeWork_30_01_18\airplane.js.map
c:\users\danino\source\repos\HomeWork_30_01_18\HomeWork_30_01_18\app.js
c:\users\danino\source\repos\HomeWork_30_01_18\HomeWork_30_01_18\app.js.map
c:\users\danino\source\repos\HomeWork_30_01_18\HomeWork_30_01_18\bird.js
c:\users\danino\source\repos\HomeWork_30_01_18\HomeWork_30_01_18\bird.js.map
c:\users\danino\source\repos\HomeWork_30_01_18\HomeWork_30_01_18\IFly.js
c:\users\danino\source\repos\HomeWork_30_01_18\HomeWork_30_01_18\IFly.js.map
c:\users\danino\source\repos\HomeWork_30_01_18\HomeWork_30_01_18\kite.js
c:\users\danino\source\repos\HomeWork_30_01_18\HomeWork_30_01_18\kite.js.map
c:\users\danino\source\repos\HomeWork_30_01_18\HomeWork_30_01_18\airplane.js
c:\users\danino\source\repos\HomeWork_30_01_18\HomeWork_30_01_18\airplane.js.map
c:\users\danino\source\repos\HomeWork_30_01_18\HomeWork_30_01_18\app.js
c:\users\danino\source\repos\HomeWork_30_01_18\HomeWork_30_01_18\app.js.map
c:\users\danino\source\repos\HomeWork_30_01_18\HomeWork_30_01_18\bird.js
c:\users\danino\source\repos\HomeWork_30_01_18\HomeWork_30_01_18\bird.js.map
c:\users\danino\source\repos\HomeWork_30_01_18\HomeWork_30_01_18\IFly.js
c:\users\danino\source\repos\HomeWork_30_01_18\HomeWork_30_01_18\IFly.js.map
c:\users\danino\source\repos\HomeWork_30_01_18\HomeWork_30_01_18\kite.js
c:\users\danino\source\repos\HomeWork_30_01_18\HomeWork_30_01_18\kite.js.map
c:\users\danino\source\repos\HomeWork_30_01_18\HomeWork_30_01_18\airplane.js
c:\users\danino\source\repos\HomeWork_30_01_18\HomeWork_30_01_18\airplane.js.map
c:\users\danino\source\repos\HomeWork_30_01_18\HomeWork_30_01_18\app.js
c:\users\danino\source\repos\HomeWork_30_01_18\HomeWork_30_01_18\app.js.map
c:\users\danino\source\repos\HomeWork_30_01_18\HomeWork_30_01_18\bird.js
c:\users\danino\source\repos\HomeWork_30_01_18\HomeWork_30_01_18\bird.js.map
c:\users\danino\source\repos\HomeWork_30_01_18\HomeWork_30_01_18\IFly.js
c:\users\danino\source\repos\HomeWork_30_01_18\HomeWork_30_01_18\IFly.js.map
c:\users\danino\source\repos\HomeWork_30_01_18\HomeWork_30_01_18\kite.js
c:\users\danino\source\repos\HomeWork_30_01_18\HomeWork_30_01_18\kite.js.map
c:\users\danino\source\repos\HomeWork_30_01_18\HomeWork_30_01_18\airplane.js
c:\users\danino\source\repos\HomeWork_30_01_18\HomeWork_30_01_18\airplane.js.map
c:\users\danino\source\repos\HomeWork_30_01_18\HomeWork_30_01_18\app.js
c:\users\danino\source\repos\HomeWork_30_01_18\HomeWork_30_01_18\app.js.map
c:\users\danino\source\repos\HomeWork_30_01_18\HomeWork_30_01_18\bird.js
c:\users\danino\source\repos\HomeWork_30_01_18\HomeWork_30_01_18\bird.js.map
c:\users\danino\source\repos\HomeWork_30_01_18\HomeWork_30_01_18\IFly.js
c:\users\danino\source\repos\HomeWork_30_01_18\HomeWork_30_01_18\IFly.js.map
c:\users\danino\source\repos\HomeWork_30_01_18\HomeWork_30_01_18\kite.js
c:\users\danino\source\repos\HomeWork_30_01_18\HomeWork_30_01_18\kite.js.map
