c:\users\danino\source\repos\TypeScriptHTMLApp25\TypeScriptHTMLApp25\app.js
c:\users\danino\source\repos\TypeScriptHTMLApp25\TypeScriptHTMLApp25\app.js.map
c:\users\danino\source\repos\TypeScriptHTMLApp25\TypeScriptHTMLApp25\cinema.js
c:\users\danino\source\repos\TypeScriptHTMLApp25\TypeScriptHTMLApp25\cinema.js.map
c:\users\danino\source\repos\TypeScriptHTMLApp25\TypeScriptHTMLApp25\person.js
c:\users\danino\source\repos\TypeScriptHTMLApp25\TypeScriptHTMLApp25\person.js.map
c:\users\danino\source\repos\TypeScriptHTMLApp25\TypeScriptHTMLApp25\student.js
c:\users\danino\source\repos\TypeScriptHTMLApp25\TypeScriptHTMLApp25\student.js.map
c:\users\danino\source\repos\TypeScriptHTMLApp25\TypeScriptHTMLApp25\teacher.js
c:\users\danino\source\repos\TypeScriptHTMLApp25\TypeScriptHTMLApp25\teacher.js.map
c:\users\danino\source\repos\TypeScriptHTMLApp25\TypeScriptHTMLApp25\worker.js
c:\users\danino\source\repos\TypeScriptHTMLApp25\TypeScriptHTMLApp25\worker.js.map
c:\users\danino\source\repos\TypeScriptHTMLApp25\TypeScriptHTMLApp25\app.js
c:\users\danino\source\repos\TypeScriptHTMLApp25\TypeScriptHTMLApp25\app.js.map
c:\users\danino\source\repos\TypeScriptHTMLApp25\TypeScriptHTMLApp25\cinema.js
c:\users\danino\source\repos\TypeScriptHTMLApp25\TypeScriptHTMLApp25\cinema.js.map
c:\users\danino\source\repos\TypeScriptHTMLApp25\TypeScriptHTMLApp25\person.js
c:\users\danino\source\repos\TypeScriptHTMLApp25\TypeScriptHTMLApp25\person.js.map
c:\users\danino\source\repos\TypeScriptHTMLApp25\TypeScriptHTMLApp25\student.js
c:\users\danino\source\repos\TypeScriptHTMLApp25\TypeScriptHTMLApp25\student.js.map
c:\users\danino\source\repos\TypeScriptHTMLApp25\TypeScriptHTMLApp25\teacher.js
c:\users\danino\source\repos\TypeScriptHTMLApp25\TypeScriptHTMLApp25\teacher.js.map
c:\users\danino\source\repos\TypeScriptHTMLApp25\TypeScriptHTMLApp25\worker.js
c:\users\danino\source\repos\TypeScriptHTMLApp25\TypeScriptHTMLApp25\worker.js.map
c:\users\danino\source\repos\TypeScriptHTMLApp25\TypeScriptHTMLApp25\app.js
c:\users\danino\source\repos\TypeScriptHTMLApp25\TypeScriptHTMLApp25\app.js.map
c:\users\danino\source\repos\TypeScriptHTMLApp25\TypeScriptHTMLApp25\cinema.js
c:\users\danino\source\repos\TypeScriptHTMLApp25\TypeScriptHTMLApp25\cinema.js.map
c:\users\danino\source\repos\TypeScriptHTMLApp25\TypeScriptHTMLApp25\person.js
c:\users\danino\source\repos\TypeScriptHTMLApp25\TypeScriptHTMLApp25\person.js.map
c:\users\danino\source\repos\TypeScriptHTMLApp25\TypeScriptHTMLApp25\student.js
c:\users\danino\source\repos\TypeScriptHTMLApp25\TypeScriptHTMLApp25\student.js.map
c:\users\danino\source\repos\TypeScriptHTMLApp25\TypeScriptHTMLApp25\teacher.js
c:\users\danino\source\repos\TypeScriptHTMLApp25\TypeScriptHTMLApp25\teacher.js.map
c:\users\danino\source\repos\TypeScriptHTMLApp25\TypeScriptHTMLApp25\worker.js
c:\users\danino\source\repos\TypeScriptHTMLApp25\TypeScriptHTMLApp25\worker.js.map
c:\users\danino\source\repos\TypeScriptHTMLApp25\TypeScriptHTMLApp25\app.js
c:\users\danino\source\repos\TypeScriptHTMLApp25\TypeScriptHTMLApp25\app.js.map
c:\users\danino\source\repos\TypeScriptHTMLApp25\TypeScriptHTMLApp25\cinema.js
c:\users\danino\source\repos\TypeScriptHTMLApp25\TypeScriptHTMLApp25\cinema.js.map
c:\users\danino\source\repos\TypeScriptHTMLApp25\TypeScriptHTMLApp25\person.js
c:\users\danino\source\repos\TypeScriptHTMLApp25\TypeScriptHTMLApp25\person.js.map
c:\users\danino\source\repos\TypeScriptHTMLApp25\TypeScriptHTMLApp25\student.js
c:\users\danino\source\repos\TypeScriptHTMLApp25\TypeScriptHTMLApp25\student.js.map
c:\users\danino\source\repos\TypeScriptHTMLApp25\TypeScriptHTMLApp25\teacher.js
c:\users\danino\source\repos\TypeScriptHTMLApp25\TypeScriptHTMLApp25\teacher.js.map
c:\users\danino\source\repos\TypeScriptHTMLApp25\TypeScriptHTMLApp25\worker.js
c:\users\danino\source\repos\TypeScriptHTMLApp25\TypeScriptHTMLApp25\worker.js.map
c:\users\danino\source\repos\TypeScriptHTMLApp25\TypeScriptHTMLApp25\app.js
c:\users\danino\source\repos\TypeScriptHTMLApp25\TypeScriptHTMLApp25\app.js.map
c:\users\danino\source\repos\TypeScriptHTMLApp25\TypeScriptHTMLApp25\cinema.js
c:\users\danino\source\repos\TypeScriptHTMLApp25\TypeScriptHTMLApp25\cinema.js.map
c:\users\danino\source\repos\TypeScriptHTMLApp25\TypeScriptHTMLApp25\person.js
c:\users\danino\source\repos\TypeScriptHTMLApp25\TypeScriptHTMLApp25\person.js.map
c:\users\danino\source\repos\TypeScriptHTMLApp25\TypeScriptHTMLApp25\student.js
c:\users\danino\source\repos\TypeScriptHTMLApp25\TypeScriptHTMLApp25\student.js.map
c:\users\danino\source\repos\TypeScriptHTMLApp25\TypeScriptHTMLApp25\teacher.js
c:\users\danino\source\repos\TypeScriptHTMLApp25\TypeScriptHTMLApp25\teacher.js.map
c:\users\danino\source\repos\TypeScriptHTMLApp25\TypeScriptHTMLApp25\worker.js
c:\users\danino\source\repos\TypeScriptHTMLApp25\TypeScriptHTMLApp25\worker.js.map
c:\users\danino\source\repos\TypeScriptHTMLApp25\TypeScriptHTMLApp25\app.js
c:\users\danino\source\repos\TypeScriptHTMLApp25\TypeScriptHTMLApp25\app.js.map
c:\users\danino\source\repos\TypeScriptHTMLApp25\TypeScriptHTMLApp25\cinema.js
c:\users\danino\source\repos\TypeScriptHTMLApp25\TypeScriptHTMLApp25\cinema.js.map
c:\users\danino\source\repos\TypeScriptHTMLApp25\TypeScriptHTMLApp25\person.js
c:\users\danino\source\repos\TypeScriptHTMLApp25\TypeScriptHTMLApp25\person.js.map
c:\users\danino\source\repos\TypeScriptHTMLApp25\TypeScriptHTMLApp25\student.js
c:\users\danino\source\repos\TypeScriptHTMLApp25\TypeScriptHTMLApp25\student.js.map
c:\users\danino\source\repos\TypeScriptHTMLApp25\TypeScriptHTMLApp25\teacher.js
c:\users\danino\source\repos\TypeScriptHTMLApp25\TypeScriptHTMLApp25\teacher.js.map
c:\users\danino\source\repos\TypeScriptHTMLApp25\TypeScriptHTMLApp25\worker.js
c:\users\danino\source\repos\TypeScriptHTMLApp25\TypeScriptHTMLApp25\worker.js.map
c:\users\danino\source\repos\TypeScriptHTMLApp25\TypeScriptHTMLApp25\app.js
c:\users\danino\source\repos\TypeScriptHTMLApp25\TypeScriptHTMLApp25\app.js.map
c:\users\danino\source\repos\TypeScriptHTMLApp25\TypeScriptHTMLApp25\cinema.js
c:\users\danino\source\repos\TypeScriptHTMLApp25\TypeScriptHTMLApp25\cinema.js.map
c:\users\danino\source\repos\TypeScriptHTMLApp25\TypeScriptHTMLApp25\person.js
c:\users\danino\source\repos\TypeScriptHTMLApp25\TypeScriptHTMLApp25\person.js.map
c:\users\danino\source\repos\TypeScriptHTMLApp25\TypeScriptHTMLApp25\student.js
c:\users\danino\source\repos\TypeScriptHTMLApp25\TypeScriptHTMLApp25\student.js.map
c:\users\danino\source\repos\TypeScriptHTMLApp25\TypeScriptHTMLApp25\teacher.js
c:\users\danino\source\repos\TypeScriptHTMLApp25\TypeScriptHTMLApp25\teacher.js.map
c:\users\danino\source\repos\TypeScriptHTMLApp25\TypeScriptHTMLApp25\worker.js
c:\users\danino\source\repos\TypeScriptHTMLApp25\TypeScriptHTMLApp25\worker.js.map
c:\users\danino\source\repos\TypeScriptHTMLApp25\TypeScriptHTMLApp25\app.js
c:\users\danino\source\repos\TypeScriptHTMLApp25\TypeScriptHTMLApp25\app.js.map
c:\users\danino\source\repos\TypeScriptHTMLApp25\TypeScriptHTMLApp25\cinema.js
c:\users\danino\source\repos\TypeScriptHTMLApp25\TypeScriptHTMLApp25\cinema.js.map
c:\users\danino\source\repos\TypeScriptHTMLApp25\TypeScriptHTMLApp25\person.js
c:\users\danino\source\repos\TypeScriptHTMLApp25\TypeScriptHTMLApp25\person.js.map
c:\users\danino\source\repos\TypeScriptHTMLApp25\TypeScriptHTMLApp25\student.js
c:\users\danino\source\repos\TypeScriptHTMLApp25\TypeScriptHTMLApp25\student.js.map
c:\users\danino\source\repos\TypeScriptHTMLApp25\TypeScriptHTMLApp25\teacher.js
c:\users\danino\source\repos\TypeScriptHTMLApp25\TypeScriptHTMLApp25\teacher.js.map
c:\users\danino\source\repos\TypeScriptHTMLApp25\TypeScriptHTMLApp25\worker.js
c:\users\danino\source\repos\TypeScriptHTMLApp25\TypeScriptHTMLApp25\worker.js.map
c:\users\danino\source\repos\TypeScriptHTMLApp25\TypeScriptHTMLApp25\app.js
c:\users\danino\source\repos\TypeScriptHTMLApp25\TypeScriptHTMLApp25\app.js.map
c:\users\danino\source\repos\TypeScriptHTMLApp25\TypeScriptHTMLApp25\cinema.js
c:\users\danino\source\repos\TypeScriptHTMLApp25\TypeScriptHTMLApp25\cinema.js.map
c:\users\danino\source\repos\TypeScriptHTMLApp25\TypeScriptHTMLApp25\person.js
c:\users\danino\source\repos\TypeScriptHTMLApp25\TypeScriptHTMLApp25\person.js.map
c:\users\danino\source\repos\TypeScriptHTMLApp25\TypeScriptHTMLApp25\student.js
c:\users\danino\source\repos\TypeScriptHTMLApp25\TypeScriptHTMLApp25\student.js.map
c:\users\danino\source\repos\TypeScriptHTMLApp25\TypeScriptHTMLApp25\teacher.js
c:\users\danino\source\repos\TypeScriptHTMLApp25\TypeScriptHTMLApp25\teacher.js.map
c:\users\danino\source\repos\TypeScriptHTMLApp25\TypeScriptHTMLApp25\worker.js
c:\users\danino\source\repos\TypeScriptHTMLApp25\TypeScriptHTMLApp25\worker.js.map
c:\users\danino\source\repos\TypeScriptHTMLApp25\TypeScriptHTMLApp25\app.js
c:\users\danino\source\repos\TypeScriptHTMLApp25\TypeScriptHTMLApp25\app.js.map
c:\users\danino\source\repos\TypeScriptHTMLApp25\TypeScriptHTMLApp25\cinema.js
c:\users\danino\source\repos\TypeScriptHTMLApp25\TypeScriptHTMLApp25\cinema.js.map
c:\users\danino\source\repos\TypeScriptHTMLApp25\TypeScriptHTMLApp25\person.js
c:\users\danino\source\repos\TypeScriptHTMLApp25\TypeScriptHTMLApp25\person.js.map
c:\users\danino\source\repos\TypeScriptHTMLApp25\TypeScriptHTMLApp25\student.js
c:\users\danino\source\repos\TypeScriptHTMLApp25\TypeScriptHTMLApp25\student.js.map
c:\users\danino\source\repos\TypeScriptHTMLApp25\TypeScriptHTMLApp25\teacher.js
c:\users\danino\source\repos\TypeScriptHTMLApp25\TypeScriptHTMLApp25\teacher.js.map
c:\users\danino\source\repos\TypeScriptHTMLApp25\TypeScriptHTMLApp25\worker.js
c:\users\danino\source\repos\TypeScriptHTMLApp25\TypeScriptHTMLApp25\worker.js.map
c:\users\danino\source\repos\TypeScriptHTMLApp25\TypeScriptHTMLApp25\app.js
c:\users\danino\source\repos\TypeScriptHTMLApp25\TypeScriptHTMLApp25\app.js.map
c:\users\danino\source\repos\TypeScriptHTMLApp25\TypeScriptHTMLApp25\cinema.js
c:\users\danino\source\repos\TypeScriptHTMLApp25\TypeScriptHTMLApp25\cinema.js.map
c:\users\danino\source\repos\TypeScriptHTMLApp25\TypeScriptHTMLApp25\person.js
c:\users\danino\source\repos\TypeScriptHTMLApp25\TypeScriptHTMLApp25\person.js.map
c:\users\danino\source\repos\TypeScriptHTMLApp25\TypeScriptHTMLApp25\student.js
c:\users\danino\source\repos\TypeScriptHTMLApp25\TypeScriptHTMLApp25\student.js.map
c:\users\danino\source\repos\TypeScriptHTMLApp25\TypeScriptHTMLApp25\teacher.js
c:\users\danino\source\repos\TypeScriptHTMLApp25\TypeScriptHTMLApp25\teacher.js.map
c:\users\danino\source\repos\TypeScriptHTMLApp25\TypeScriptHTMLApp25\worker.js
c:\users\danino\source\repos\TypeScriptHTMLApp25\TypeScriptHTMLApp25\worker.js.map
c:\users\danino\source\repos\TypeScriptHTMLApp25\TypeScriptHTMLApp25\app.js
c:\users\danino\source\repos\TypeScriptHTMLApp25\TypeScriptHTMLApp25\app.js.map
c:\users\danino\source\repos\TypeScriptHTMLApp25\TypeScriptHTMLApp25\cinema.js
c:\users\danino\source\repos\TypeScriptHTMLApp25\TypeScriptHTMLApp25\cinema.js.map
c:\users\danino\source\repos\TypeScriptHTMLApp25\TypeScriptHTMLApp25\person.js
c:\users\danino\source\repos\TypeScriptHTMLApp25\TypeScriptHTMLApp25\person.js.map
c:\users\danino\source\repos\TypeScriptHTMLApp25\TypeScriptHTMLApp25\student.js
c:\users\danino\source\repos\TypeScriptHTMLApp25\TypeScriptHTMLApp25\student.js.map
c:\users\danino\source\repos\TypeScriptHTMLApp25\TypeScriptHTMLApp25\teacher.js
c:\users\danino\source\repos\TypeScriptHTMLApp25\TypeScriptHTMLApp25\teacher.js.map
c:\users\danino\source\repos\TypeScriptHTMLApp25\TypeScriptHTMLApp25\worker.js
c:\users\danino\source\repos\TypeScriptHTMLApp25\TypeScriptHTMLApp25\worker.js.map
c:\users\danino\source\repos\TypeScriptHTMLApp25\TypeScriptHTMLApp25\app.js
c:\users\danino\source\repos\TypeScriptHTMLApp25\TypeScriptHTMLApp25\app.js.map
c:\users\danino\source\repos\TypeScriptHTMLApp25\TypeScriptHTMLApp25\cinema.js
c:\users\danino\source\repos\TypeScriptHTMLApp25\TypeScriptHTMLApp25\cinema.js.map
c:\users\danino\source\repos\TypeScriptHTMLApp25\TypeScriptHTMLApp25\person.js
c:\users\danino\source\repos\TypeScriptHTMLApp25\TypeScriptHTMLApp25\person.js.map
c:\users\danino\source\repos\TypeScriptHTMLApp25\TypeScriptHTMLApp25\student.js
c:\users\danino\source\repos\TypeScriptHTMLApp25\TypeScriptHTMLApp25\student.js.map
c:\users\danino\source\repos\TypeScriptHTMLApp25\TypeScriptHTMLApp25\teacher.js
c:\users\danino\source\repos\TypeScriptHTMLApp25\TypeScriptHTMLApp25\teacher.js.map
c:\users\danino\source\repos\TypeScriptHTMLApp25\TypeScriptHTMLApp25\worker.js
c:\users\danino\source\repos\TypeScriptHTMLApp25\TypeScriptHTMLApp25\worker.js.map
c:\users\danino\source\repos\TypeScriptHTMLApp25\TypeScriptHTMLApp25\app.js
c:\users\danino\source\repos\TypeScriptHTMLApp25\TypeScriptHTMLApp25\app.js.map
c:\users\danino\source\repos\TypeScriptHTMLApp25\TypeScriptHTMLApp25\cinema.js
c:\users\danino\source\repos\TypeScriptHTMLApp25\TypeScriptHTMLApp25\cinema.js.map
c:\users\danino\source\repos\TypeScriptHTMLApp25\TypeScriptHTMLApp25\person.js
c:\users\danino\source\repos\TypeScriptHTMLApp25\TypeScriptHTMLApp25\person.js.map
c:\users\danino\source\repos\TypeScriptHTMLApp25\TypeScriptHTMLApp25\student.js
c:\users\danino\source\repos\TypeScriptHTMLApp25\TypeScriptHTMLApp25\student.js.map
c:\users\danino\source\repos\TypeScriptHTMLApp25\TypeScriptHTMLApp25\teacher.js
c:\users\danino\source\repos\TypeScriptHTMLApp25\TypeScriptHTMLApp25\teacher.js.map
c:\users\danino\source\repos\TypeScriptHTMLApp25\TypeScriptHTMLApp25\worker.js
c:\users\danino\source\repos\TypeScriptHTMLApp25\TypeScriptHTMLApp25\worker.js.map
c:\users\danino\source\repos\TypeScriptHTMLApp25\TypeScriptHTMLApp25\app.js
c:\users\danino\source\repos\TypeScriptHTMLApp25\TypeScriptHTMLApp25\app.js.map
c:\users\danino\source\repos\TypeScriptHTMLApp25\TypeScriptHTMLApp25\cinema.js
c:\users\danino\source\repos\TypeScriptHTMLApp25\TypeScriptHTMLApp25\cinema.js.map
c:\users\danino\source\repos\TypeScriptHTMLApp25\TypeScriptHTMLApp25\person.js
c:\users\danino\source\repos\TypeScriptHTMLApp25\TypeScriptHTMLApp25\person.js.map
c:\users\danino\source\repos\TypeScriptHTMLApp25\TypeScriptHTMLApp25\student.js
c:\users\danino\source\repos\TypeScriptHTMLApp25\TypeScriptHTMLApp25\student.js.map
c:\users\danino\source\repos\TypeScriptHTMLApp25\TypeScriptHTMLApp25\teacher.js
c:\users\danino\source\repos\TypeScriptHTMLApp25\TypeScriptHTMLApp25\teacher.js.map
c:\users\danino\source\repos\TypeScriptHTMLApp25\TypeScriptHTMLApp25\worker.js
c:\users\danino\source\repos\TypeScriptHTMLApp25\TypeScriptHTMLApp25\worker.js.map
c:\users\danino\source\repos\TypeScriptHTMLApp25\TypeScriptHTMLApp25\app.js
c:\users\danino\source\repos\TypeScriptHTMLApp25\TypeScriptHTMLApp25\app.js.map
c:\users\danino\source\repos\TypeScriptHTMLApp25\TypeScriptHTMLApp25\cinema.js
c:\users\danino\source\repos\TypeScriptHTMLApp25\TypeScriptHTMLApp25\cinema.js.map
c:\users\danino\source\repos\TypeScriptHTMLApp25\TypeScriptHTMLApp25\person.js
c:\users\danino\source\repos\TypeScriptHTMLApp25\TypeScriptHTMLApp25\person.js.map
c:\users\danino\source\repos\TypeScriptHTMLApp25\TypeScriptHTMLApp25\student.js
c:\users\danino\source\repos\TypeScriptHTMLApp25\TypeScriptHTMLApp25\student.js.map
c:\users\danino\source\repos\TypeScriptHTMLApp25\TypeScriptHTMLApp25\teacher.js
c:\users\danino\source\repos\TypeScriptHTMLApp25\TypeScriptHTMLApp25\teacher.js.map
c:\users\danino\source\repos\TypeScriptHTMLApp25\TypeScriptHTMLApp25\worker.js
c:\users\danino\source\repos\TypeScriptHTMLApp25\TypeScriptHTMLApp25\worker.js.map
c:\users\danino\source\repos\TypeScriptHTMLApp25\TypeScriptHTMLApp25\app.js
c:\users\danino\source\repos\TypeScriptHTMLApp25\TypeScriptHTMLApp25\app.js.map
c:\users\danino\source\repos\TypeScriptHTMLApp25\TypeScriptHTMLApp25\cinema.js
c:\users\danino\source\repos\TypeScriptHTMLApp25\TypeScriptHTMLApp25\cinema.js.map
c:\users\danino\source\repos\TypeScriptHTMLApp25\TypeScriptHTMLApp25\person.js
c:\users\danino\source\repos\TypeScriptHTMLApp25\TypeScriptHTMLApp25\person.js.map
c:\users\danino\source\repos\TypeScriptHTMLApp25\TypeScriptHTMLApp25\student.js
c:\users\danino\source\repos\TypeScriptHTMLApp25\TypeScriptHTMLApp25\student.js.map
c:\users\danino\source\repos\TypeScriptHTMLApp25\TypeScriptHTMLApp25\teacher.js
c:\users\danino\source\repos\TypeScriptHTMLApp25\TypeScriptHTMLApp25\teacher.js.map
c:\users\danino\source\repos\TypeScriptHTMLApp25\TypeScriptHTMLApp25\worker.js
c:\users\danino\source\repos\TypeScriptHTMLApp25\TypeScriptHTMLApp25\worker.js.map
c:\users\danino\source\repos\TypeScriptHTMLApp25\TypeScriptHTMLApp25\app.js
c:\users\danino\source\repos\TypeScriptHTMLApp25\TypeScriptHTMLApp25\app.js.map
c:\users\danino\source\repos\TypeScriptHTMLApp25\TypeScriptHTMLApp25\cinema.js
c:\users\danino\source\repos\TypeScriptHTMLApp25\TypeScriptHTMLApp25\cinema.js.map
c:\users\danino\source\repos\TypeScriptHTMLApp25\TypeScriptHTMLApp25\person.js
c:\users\danino\source\repos\TypeScriptHTMLApp25\TypeScriptHTMLApp25\person.js.map
c:\users\danino\source\repos\TypeScriptHTMLApp25\TypeScriptHTMLApp25\student.js
c:\users\danino\source\repos\TypeScriptHTMLApp25\TypeScriptHTMLApp25\student.js.map
c:\users\danino\source\repos\TypeScriptHTMLApp25\TypeScriptHTMLApp25\teacher.js
c:\users\danino\source\repos\TypeScriptHTMLApp25\TypeScriptHTMLApp25\teacher.js.map
c:\users\danino\source\repos\TypeScriptHTMLApp25\TypeScriptHTMLApp25\worker.js
c:\users\danino\source\repos\TypeScriptHTMLApp25\TypeScriptHTMLApp25\worker.js.map
c:\users\danino\source\repos\TypeScriptHTMLApp25\TypeScriptHTMLApp25\app.js
c:\users\danino\source\repos\TypeScriptHTMLApp25\TypeScriptHTMLApp25\app.js.map
c:\users\danino\source\repos\TypeScriptHTMLApp25\TypeScriptHTMLApp25\cinema.js
c:\users\danino\source\repos\TypeScriptHTMLApp25\TypeScriptHTMLApp25\cinema.js.map
c:\users\danino\source\repos\TypeScriptHTMLApp25\TypeScriptHTMLApp25\person.js
c:\users\danino\source\repos\TypeScriptHTMLApp25\TypeScriptHTMLApp25\person.js.map
c:\users\danino\source\repos\TypeScriptHTMLApp25\TypeScriptHTMLApp25\student.js
c:\users\danino\source\repos\TypeScriptHTMLApp25\TypeScriptHTMLApp25\student.js.map
c:\users\danino\source\repos\TypeScriptHTMLApp25\TypeScriptHTMLApp25\teacher.js
c:\users\danino\source\repos\TypeScriptHTMLApp25\TypeScriptHTMLApp25\teacher.js.map
c:\users\danino\source\repos\TypeScriptHTMLApp25\TypeScriptHTMLApp25\worker.js
c:\users\danino\source\repos\TypeScriptHTMLApp25\TypeScriptHTMLApp25\worker.js.map
c:\users\danino\source\repos\TypeScriptHTMLApp25\TypeScriptHTMLApp25\app.js
c:\users\danino\source\repos\TypeScriptHTMLApp25\TypeScriptHTMLApp25\app.js.map
c:\users\danino\source\repos\TypeScriptHTMLApp25\TypeScriptHTMLApp25\cinema.js
c:\users\danino\source\repos\TypeScriptHTMLApp25\TypeScriptHTMLApp25\cinema.js.map
c:\users\danino\source\repos\TypeScriptHTMLApp25\TypeScriptHTMLApp25\person.js
c:\users\danino\source\repos\TypeScriptHTMLApp25\TypeScriptHTMLApp25\person.js.map
c:\users\danino\source\repos\TypeScriptHTMLApp25\TypeScriptHTMLApp25\student.js
c:\users\danino\source\repos\TypeScriptHTMLApp25\TypeScriptHTMLApp25\student.js.map
c:\users\danino\source\repos\TypeScriptHTMLApp25\TypeScriptHTMLApp25\teacher.js
c:\users\danino\source\repos\TypeScriptHTMLApp25\TypeScriptHTMLApp25\teacher.js.map
c:\users\danino\source\repos\TypeScriptHTMLApp25\TypeScriptHTMLApp25\worker.js
c:\users\danino\source\repos\TypeScriptHTMLApp25\TypeScriptHTMLApp25\worker.js.map
c:\users\danino\source\repos\TypeScriptHTMLApp25\TypeScriptHTMLApp25\app.js
c:\users\danino\source\repos\TypeScriptHTMLApp25\TypeScriptHTMLApp25\app.js.map
c:\users\danino\source\repos\TypeScriptHTMLApp25\TypeScriptHTMLApp25\cinema.js
c:\users\danino\source\repos\TypeScriptHTMLApp25\TypeScriptHTMLApp25\cinema.js.map
c:\users\danino\source\repos\TypeScriptHTMLApp25\TypeScriptHTMLApp25\person.js
c:\users\danino\source\repos\TypeScriptHTMLApp25\TypeScriptHTMLApp25\person.js.map
c:\users\danino\source\repos\TypeScriptHTMLApp25\TypeScriptHTMLApp25\student.js
c:\users\danino\source\repos\TypeScriptHTMLApp25\TypeScriptHTMLApp25\student.js.map
c:\users\danino\source\repos\TypeScriptHTMLApp25\TypeScriptHTMLApp25\teacher.js
c:\users\danino\source\repos\TypeScriptHTMLApp25\TypeScriptHTMLApp25\teacher.js.map
c:\users\danino\source\repos\TypeScriptHTMLApp25\TypeScriptHTMLApp25\worker.js
c:\users\danino\source\repos\TypeScriptHTMLApp25\TypeScriptHTMLApp25\worker.js.map
c:\users\danino\source\repos\TypeScriptHTMLApp25\TypeScriptHTMLApp25\app.js
c:\users\danino\source\repos\TypeScriptHTMLApp25\TypeScriptHTMLApp25\app.js.map
c:\users\danino\source\repos\TypeScriptHTMLApp25\TypeScriptHTMLApp25\cinema.js
c:\users\danino\source\repos\TypeScriptHTMLApp25\TypeScriptHTMLApp25\cinema.js.map
c:\users\danino\source\repos\TypeScriptHTMLApp25\TypeScriptHTMLApp25\person.js
c:\users\danino\source\repos\TypeScriptHTMLApp25\TypeScriptHTMLApp25\person.js.map
c:\users\danino\source\repos\TypeScriptHTMLApp25\TypeScriptHTMLApp25\student.js
c:\users\danino\source\repos\TypeScriptHTMLApp25\TypeScriptHTMLApp25\student.js.map
c:\users\danino\source\repos\TypeScriptHTMLApp25\TypeScriptHTMLApp25\teacher.js
c:\users\danino\source\repos\TypeScriptHTMLApp25\TypeScriptHTMLApp25\teacher.js.map
c:\users\danino\source\repos\TypeScriptHTMLApp25\TypeScriptHTMLApp25\worker.js
c:\users\danino\source\repos\TypeScriptHTMLApp25\TypeScriptHTMLApp25\worker.js.map
c:\users\danino\source\repos\TypeScriptHTMLApp25\TypeScriptHTMLApp25\app.js
c:\users\danino\source\repos\TypeScriptHTMLApp25\TypeScriptHTMLApp25\app.js.map
c:\users\danino\source\repos\TypeScriptHTMLApp25\TypeScriptHTMLApp25\cinema.js
c:\users\danino\source\repos\TypeScriptHTMLApp25\TypeScriptHTMLApp25\cinema.js.map
c:\users\danino\source\repos\TypeScriptHTMLApp25\TypeScriptHTMLApp25\person.js
c:\users\danino\source\repos\TypeScriptHTMLApp25\TypeScriptHTMLApp25\person.js.map
c:\users\danino\source\repos\TypeScriptHTMLApp25\TypeScriptHTMLApp25\student.js
c:\users\danino\source\repos\TypeScriptHTMLApp25\TypeScriptHTMLApp25\student.js.map
c:\users\danino\source\repos\TypeScriptHTMLApp25\TypeScriptHTMLApp25\teacher.js
c:\users\danino\source\repos\TypeScriptHTMLApp25\TypeScriptHTMLApp25\teacher.js.map
c:\users\danino\source\repos\TypeScriptHTMLApp25\TypeScriptHTMLApp25\worker.js
c:\users\danino\source\repos\TypeScriptHTMLApp25\TypeScriptHTMLApp25\worker.js.map
c:\users\danino\source\repos\TypeScriptHTMLApp25\TypeScriptHTMLApp25\app.js
c:\users\danino\source\repos\TypeScriptHTMLApp25\TypeScriptHTMLApp25\app.js.map
c:\users\danino\source\repos\TypeScriptHTMLApp25\TypeScriptHTMLApp25\cinema.js
c:\users\danino\source\repos\TypeScriptHTMLApp25\TypeScriptHTMLApp25\cinema.js.map
c:\users\danino\source\repos\TypeScriptHTMLApp25\TypeScriptHTMLApp25\person.js
c:\users\danino\source\repos\TypeScriptHTMLApp25\TypeScriptHTMLApp25\person.js.map
c:\users\danino\source\repos\TypeScriptHTMLApp25\TypeScriptHTMLApp25\student.js
c:\users\danino\source\repos\TypeScriptHTMLApp25\TypeScriptHTMLApp25\student.js.map
c:\users\danino\source\repos\TypeScriptHTMLApp25\TypeScriptHTMLApp25\teacher.js
c:\users\danino\source\repos\TypeScriptHTMLApp25\TypeScriptHTMLApp25\teacher.js.map
c:\users\danino\source\repos\TypeScriptHTMLApp25\TypeScriptHTMLApp25\worker.js
c:\users\danino\source\repos\TypeScriptHTMLApp25\TypeScriptHTMLApp25\worker.js.map
c:\users\danino\source\repos\TypeScriptHTMLApp25\TypeScriptHTMLApp25\app.js
c:\users\danino\source\repos\TypeScriptHTMLApp25\TypeScriptHTMLApp25\app.js.map
c:\users\danino\source\repos\TypeScriptHTMLApp25\TypeScriptHTMLApp25\cinema.js
c:\users\danino\source\repos\TypeScriptHTMLApp25\TypeScriptHTMLApp25\cinema.js.map
c:\users\danino\source\repos\TypeScriptHTMLApp25\TypeScriptHTMLApp25\person.js
c:\users\danino\source\repos\TypeScriptHTMLApp25\TypeScriptHTMLApp25\person.js.map
c:\users\danino\source\repos\TypeScriptHTMLApp25\TypeScriptHTMLApp25\student.js
c:\users\danino\source\repos\TypeScriptHTMLApp25\TypeScriptHTMLApp25\student.js.map
c:\users\danino\source\repos\TypeScriptHTMLApp25\TypeScriptHTMLApp25\teacher.js
c:\users\danino\source\repos\TypeScriptHTMLApp25\TypeScriptHTMLApp25\teacher.js.map
c:\users\danino\source\repos\TypeScriptHTMLApp25\TypeScriptHTMLApp25\worker.js
c:\users\danino\source\repos\TypeScriptHTMLApp25\TypeScriptHTMLApp25\worker.js.map
c:\users\danino\source\repos\TypeScriptHTMLApp25\TypeScriptHTMLApp25\app.js
c:\users\danino\source\repos\TypeScriptHTMLApp25\TypeScriptHTMLApp25\app.js.map
c:\users\danino\source\repos\TypeScriptHTMLApp25\TypeScriptHTMLApp25\cinema.js
c:\users\danino\source\repos\TypeScriptHTMLApp25\TypeScriptHTMLApp25\cinema.js.map
c:\users\danino\source\repos\TypeScriptHTMLApp25\TypeScriptHTMLApp25\person.js
c:\users\danino\source\repos\TypeScriptHTMLApp25\TypeScriptHTMLApp25\person.js.map
c:\users\danino\source\repos\TypeScriptHTMLApp25\TypeScriptHTMLApp25\student.js
c:\users\danino\source\repos\TypeScriptHTMLApp25\TypeScriptHTMLApp25\student.js.map
c:\users\danino\source\repos\TypeScriptHTMLApp25\TypeScriptHTMLApp25\teacher.js
c:\users\danino\source\repos\TypeScriptHTMLApp25\TypeScriptHTMLApp25\teacher.js.map
c:\users\danino\source\repos\TypeScriptHTMLApp25\TypeScriptHTMLApp25\worker.js
c:\users\danino\source\repos\TypeScriptHTMLApp25\TypeScriptHTMLApp25\worker.js.map
c:\users\danino\source\repos\TypeScriptHTMLApp25\TypeScriptHTMLApp25\app.js
c:\users\danino\source\repos\TypeScriptHTMLApp25\TypeScriptHTMLApp25\app.js.map
c:\users\danino\source\repos\TypeScriptHTMLApp25\TypeScriptHTMLApp25\cinema.js
c:\users\danino\source\repos\TypeScriptHTMLApp25\TypeScriptHTMLApp25\cinema.js.map
c:\users\danino\source\repos\TypeScriptHTMLApp25\TypeScriptHTMLApp25\person.js
c:\users\danino\source\repos\TypeScriptHTMLApp25\TypeScriptHTMLApp25\person.js.map
c:\users\danino\source\repos\TypeScriptHTMLApp25\TypeScriptHTMLApp25\student.js
c:\users\danino\source\repos\TypeScriptHTMLApp25\TypeScriptHTMLApp25\student.js.map
c:\users\danino\source\repos\TypeScriptHTMLApp25\TypeScriptHTMLApp25\teacher.js
c:\users\danino\source\repos\TypeScriptHTMLApp25\TypeScriptHTMLApp25\teacher.js.map
c:\users\danino\source\repos\TypeScriptHTMLApp25\TypeScriptHTMLApp25\worker.js
c:\users\danino\source\repos\TypeScriptHTMLApp25\TypeScriptHTMLApp25\worker.js.map
c:\users\danino\source\repos\TypeScriptHTMLApp25\TypeScriptHTMLApp25\app.js
c:\users\danino\source\repos\TypeScriptHTMLApp25\TypeScriptHTMLApp25\app.js.map
c:\users\danino\source\repos\TypeScriptHTMLApp25\TypeScriptHTMLApp25\cinema.js
c:\users\danino\source\repos\TypeScriptHTMLApp25\TypeScriptHTMLApp25\cinema.js.map
c:\users\danino\source\repos\TypeScriptHTMLApp25\TypeScriptHTMLApp25\person.js
c:\users\danino\source\repos\TypeScriptHTMLApp25\TypeScriptHTMLApp25\person.js.map
c:\users\danino\source\repos\TypeScriptHTMLApp25\TypeScriptHTMLApp25\student.js
c:\users\danino\source\repos\TypeScriptHTMLApp25\TypeScriptHTMLApp25\student.js.map
c:\users\danino\source\repos\TypeScriptHTMLApp25\TypeScriptHTMLApp25\teacher.js
c:\users\danino\source\repos\TypeScriptHTMLApp25\TypeScriptHTMLApp25\teacher.js.map
c:\users\danino\source\repos\TypeScriptHTMLApp25\TypeScriptHTMLApp25\worker.js
c:\users\danino\source\repos\TypeScriptHTMLApp25\TypeScriptHTMLApp25\worker.js.map
c:\users\danino\source\repos\TypeScriptHTMLApp25\TypeScriptHTMLApp25\app.js
c:\users\danino\source\repos\TypeScriptHTMLApp25\TypeScriptHTMLApp25\app.js.map
c:\users\danino\source\repos\TypeScriptHTMLApp25\TypeScriptHTMLApp25\cinema.js
c:\users\danino\source\repos\TypeScriptHTMLApp25\TypeScriptHTMLApp25\cinema.js.map
c:\users\danino\source\repos\TypeScriptHTMLApp25\TypeScriptHTMLApp25\person.js
c:\users\danino\source\repos\TypeScriptHTMLApp25\TypeScriptHTMLApp25\person.js.map
c:\users\danino\source\repos\TypeScriptHTMLApp25\TypeScriptHTMLApp25\student.js
c:\users\danino\source\repos\TypeScriptHTMLApp25\TypeScriptHTMLApp25\student.js.map
c:\users\danino\source\repos\TypeScriptHTMLApp25\TypeScriptHTMLApp25\teacher.js
c:\users\danino\source\repos\TypeScriptHTMLApp25\TypeScriptHTMLApp25\teacher.js.map
c:\users\danino\source\repos\TypeScriptHTMLApp25\TypeScriptHTMLApp25\worker.js
c:\users\danino\source\repos\TypeScriptHTMLApp25\TypeScriptHTMLApp25\worker.js.map
c:\users\danino\source\repos\TypeScriptHTMLApp25\TypeScriptHTMLApp25\app.js
c:\users\danino\source\repos\TypeScriptHTMLApp25\TypeScriptHTMLApp25\app.js.map
c:\users\danino\source\repos\TypeScriptHTMLApp25\TypeScriptHTMLApp25\cinema.js
c:\users\danino\source\repos\TypeScriptHTMLApp25\TypeScriptHTMLApp25\cinema.js.map
c:\users\danino\source\repos\TypeScriptHTMLApp25\TypeScriptHTMLApp25\person.js
c:\users\danino\source\repos\TypeScriptHTMLApp25\TypeScriptHTMLApp25\person.js.map
c:\users\danino\source\repos\TypeScriptHTMLApp25\TypeScriptHTMLApp25\student.js
c:\users\danino\source\repos\TypeScriptHTMLApp25\TypeScriptHTMLApp25\student.js.map
c:\users\danino\source\repos\TypeScriptHTMLApp25\TypeScriptHTMLApp25\teacher.js
c:\users\danino\source\repos\TypeScriptHTMLApp25\TypeScriptHTMLApp25\teacher.js.map
c:\users\danino\source\repos\TypeScriptHTMLApp25\TypeScriptHTMLApp25\worker.js
c:\users\danino\source\repos\TypeScriptHTMLApp25\TypeScriptHTMLApp25\worker.js.map
c:\users\danino\source\repos\TypeScriptHTMLApp25\TypeScriptHTMLApp25\app.js
c:\users\danino\source\repos\TypeScriptHTMLApp25\TypeScriptHTMLApp25\app.js.map
c:\users\danino\source\repos\TypeScriptHTMLApp25\TypeScriptHTMLApp25\cinema.js
c:\users\danino\source\repos\TypeScriptHTMLApp25\TypeScriptHTMLApp25\cinema.js.map
c:\users\danino\source\repos\TypeScriptHTMLApp25\TypeScriptHTMLApp25\person.js
c:\users\danino\source\repos\TypeScriptHTMLApp25\TypeScriptHTMLApp25\person.js.map
c:\users\danino\source\repos\TypeScriptHTMLApp25\TypeScriptHTMLApp25\student.js
c:\users\danino\source\repos\TypeScriptHTMLApp25\TypeScriptHTMLApp25\student.js.map
c:\users\danino\source\repos\TypeScriptHTMLApp25\TypeScriptHTMLApp25\teacher.js
c:\users\danino\source\repos\TypeScriptHTMLApp25\TypeScriptHTMLApp25\teacher.js.map
c:\users\danino\source\repos\TypeScriptHTMLApp25\TypeScriptHTMLApp25\worker.js
c:\users\danino\source\repos\TypeScriptHTMLApp25\TypeScriptHTMLApp25\worker.js.map
c:\users\danino\source\repos\TypeScriptHTMLApp25\TypeScriptHTMLApp25\app.js
c:\users\danino\source\repos\TypeScriptHTMLApp25\TypeScriptHTMLApp25\app.js.map
c:\users\danino\source\repos\TypeScriptHTMLApp25\TypeScriptHTMLApp25\cinema.js
c:\users\danino\source\repos\TypeScriptHTMLApp25\TypeScriptHTMLApp25\cinema.js.map
c:\users\danino\source\repos\TypeScriptHTMLApp25\TypeScriptHTMLApp25\person.js
c:\users\danino\source\repos\TypeScriptHTMLApp25\TypeScriptHTMLApp25\person.js.map
c:\users\danino\source\repos\TypeScriptHTMLApp25\TypeScriptHTMLApp25\student.js
c:\users\danino\source\repos\TypeScriptHTMLApp25\TypeScriptHTMLApp25\student.js.map
c:\users\danino\source\repos\TypeScriptHTMLApp25\TypeScriptHTMLApp25\teacher.js
c:\users\danino\source\repos\TypeScriptHTMLApp25\TypeScriptHTMLApp25\teacher.js.map
c:\users\danino\source\repos\TypeScriptHTMLApp25\TypeScriptHTMLApp25\worker.js
c:\users\danino\source\repos\TypeScriptHTMLApp25\TypeScriptHTMLApp25\worker.js.map
c:\users\danino\source\repos\TypeScriptHTMLApp25\TypeScriptHTMLApp25\app.js
c:\users\danino\source\repos\TypeScriptHTMLApp25\TypeScriptHTMLApp25\app.js.map
c:\users\danino\source\repos\TypeScriptHTMLApp25\TypeScriptHTMLApp25\cinema.js
c:\users\danino\source\repos\TypeScriptHTMLApp25\TypeScriptHTMLApp25\cinema.js.map
c:\users\danino\source\repos\TypeScriptHTMLApp25\TypeScriptHTMLApp25\person.js
c:\users\danino\source\repos\TypeScriptHTMLApp25\TypeScriptHTMLApp25\person.js.map
c:\users\danino\source\repos\TypeScriptHTMLApp25\TypeScriptHTMLApp25\student.js
c:\users\danino\source\repos\TypeScriptHTMLApp25\TypeScriptHTMLApp25\student.js.map
c:\users\danino\source\repos\TypeScriptHTMLApp25\TypeScriptHTMLApp25\teacher.js
c:\users\danino\source\repos\TypeScriptHTMLApp25\TypeScriptHTMLApp25\teacher.js.map
c:\users\danino\source\repos\TypeScriptHTMLApp25\TypeScriptHTMLApp25\worker.js
c:\users\danino\source\repos\TypeScriptHTMLApp25\TypeScriptHTMLApp25\worker.js.map
c:\users\danino\source\repos\TypeScriptHTMLApp25\TypeScriptHTMLApp25\app.js
c:\users\danino\source\repos\TypeScriptHTMLApp25\TypeScriptHTMLApp25\app.js.map
c:\users\danino\source\repos\TypeScriptHTMLApp25\TypeScriptHTMLApp25\cinema.js
c:\users\danino\source\repos\TypeScriptHTMLApp25\TypeScriptHTMLApp25\cinema.js.map
c:\users\danino\source\repos\TypeScriptHTMLApp25\TypeScriptHTMLApp25\person.js
c:\users\danino\source\repos\TypeScriptHTMLApp25\TypeScriptHTMLApp25\person.js.map
c:\users\danino\source\repos\TypeScriptHTMLApp25\TypeScriptHTMLApp25\student.js
c:\users\danino\source\repos\TypeScriptHTMLApp25\TypeScriptHTMLApp25\student.js.map
c:\users\danino\source\repos\TypeScriptHTMLApp25\TypeScriptHTMLApp25\teacher.js
c:\users\danino\source\repos\TypeScriptHTMLApp25\TypeScriptHTMLApp25\teacher.js.map
c:\users\danino\source\repos\TypeScriptHTMLApp25\TypeScriptHTMLApp25\worker.js
c:\users\danino\source\repos\TypeScriptHTMLApp25\TypeScriptHTMLApp25\worker.js.map
c:\users\danino\source\repos\TypeScriptHTMLApp25\TypeScriptHTMLApp25\app.js
c:\users\danino\source\repos\TypeScriptHTMLApp25\TypeScriptHTMLApp25\app.js.map
c:\users\danino\source\repos\TypeScriptHTMLApp25\TypeScriptHTMLApp25\cinema.js
c:\users\danino\source\repos\TypeScriptHTMLApp25\TypeScriptHTMLApp25\cinema.js.map
c:\users\danino\source\repos\TypeScriptHTMLApp25\TypeScriptHTMLApp25\person.js
c:\users\danino\source\repos\TypeScriptHTMLApp25\TypeScriptHTMLApp25\person.js.map
c:\users\danino\source\repos\TypeScriptHTMLApp25\TypeScriptHTMLApp25\student.js
c:\users\danino\source\repos\TypeScriptHTMLApp25\TypeScriptHTMLApp25\student.js.map
c:\users\danino\source\repos\TypeScriptHTMLApp25\TypeScriptHTMLApp25\teacher.js
c:\users\danino\source\repos\TypeScriptHTMLApp25\TypeScriptHTMLApp25\teacher.js.map
c:\users\danino\source\repos\TypeScriptHTMLApp25\TypeScriptHTMLApp25\worker.js
c:\users\danino\source\repos\TypeScriptHTMLApp25\TypeScriptHTMLApp25\worker.js.map
c:\users\danino\source\repos\TypeScriptHTMLApp25\TypeScriptHTMLApp25\app.js
c:\users\danino\source\repos\TypeScriptHTMLApp25\TypeScriptHTMLApp25\app.js.map
c:\users\danino\source\repos\TypeScriptHTMLApp25\TypeScriptHTMLApp25\cinema.js
c:\users\danino\source\repos\TypeScriptHTMLApp25\TypeScriptHTMLApp25\cinema.js.map
c:\users\danino\source\repos\TypeScriptHTMLApp25\TypeScriptHTMLApp25\person.js
c:\users\danino\source\repos\TypeScriptHTMLApp25\TypeScriptHTMLApp25\person.js.map
c:\users\danino\source\repos\TypeScriptHTMLApp25\TypeScriptHTMLApp25\student.js
c:\users\danino\source\repos\TypeScriptHTMLApp25\TypeScriptHTMLApp25\student.js.map
c:\users\danino\source\repos\TypeScriptHTMLApp25\TypeScriptHTMLApp25\teacher.js
c:\users\danino\source\repos\TypeScriptHTMLApp25\TypeScriptHTMLApp25\teacher.js.map
c:\users\danino\source\repos\TypeScriptHTMLApp25\TypeScriptHTMLApp25\worker.js
c:\users\danino\source\repos\TypeScriptHTMLApp25\TypeScriptHTMLApp25\worker.js.map
c:\users\danino\source\repos\TypeScriptHTMLApp25\TypeScriptHTMLApp25\app.js
c:\users\danino\source\repos\TypeScriptHTMLApp25\TypeScriptHTMLApp25\app.js.map
c:\users\danino\source\repos\TypeScriptHTMLApp25\TypeScriptHTMLApp25\cinema.js
c:\users\danino\source\repos\TypeScriptHTMLApp25\TypeScriptHTMLApp25\cinema.js.map
c:\users\danino\source\repos\TypeScriptHTMLApp25\TypeScriptHTMLApp25\person.js
c:\users\danino\source\repos\TypeScriptHTMLApp25\TypeScriptHTMLApp25\person.js.map
c:\users\danino\source\repos\TypeScriptHTMLApp25\TypeScriptHTMLApp25\student.js
c:\users\danino\source\repos\TypeScriptHTMLApp25\TypeScriptHTMLApp25\student.js.map
c:\users\danino\source\repos\TypeScriptHTMLApp25\TypeScriptHTMLApp25\teacher.js
c:\users\danino\source\repos\TypeScriptHTMLApp25\TypeScriptHTMLApp25\teacher.js.map
c:\users\danino\source\repos\TypeScriptHTMLApp25\TypeScriptHTMLApp25\worker.js
c:\users\danino\source\repos\TypeScriptHTMLApp25\TypeScriptHTMLApp25\worker.js.map
c:\users\danino\source\repos\TypeScriptHTMLApp25\TypeScriptHTMLApp25\app.js
c:\users\danino\source\repos\TypeScriptHTMLApp25\TypeScriptHTMLApp25\app.js.map
c:\users\danino\source\repos\TypeScriptHTMLApp25\TypeScriptHTMLApp25\cinema.js
c:\users\danino\source\repos\TypeScriptHTMLApp25\TypeScriptHTMLApp25\cinema.js.map
c:\users\danino\source\repos\TypeScriptHTMLApp25\TypeScriptHTMLApp25\person.js
c:\users\danino\source\repos\TypeScriptHTMLApp25\TypeScriptHTMLApp25\person.js.map
c:\users\danino\source\repos\TypeScriptHTMLApp25\TypeScriptHTMLApp25\student.js
c:\users\danino\source\repos\TypeScriptHTMLApp25\TypeScriptHTMLApp25\student.js.map
c:\users\danino\source\repos\TypeScriptHTMLApp25\TypeScriptHTMLApp25\teacher.js
c:\users\danino\source\repos\TypeScriptHTMLApp25\TypeScriptHTMLApp25\teacher.js.map
c:\users\danino\source\repos\TypeScriptHTMLApp25\TypeScriptHTMLApp25\worker.js
c:\users\danino\source\repos\TypeScriptHTMLApp25\TypeScriptHTMLApp25\worker.js.map
c:\users\danino\source\repos\TypeScriptHTMLApp25\TypeScriptHTMLApp25\app.js
c:\users\danino\source\repos\TypeScriptHTMLApp25\TypeScriptHTMLApp25\app.js.map
c:\users\danino\source\repos\TypeScriptHTMLApp25\TypeScriptHTMLApp25\cinema.js
c:\users\danino\source\repos\TypeScriptHTMLApp25\TypeScriptHTMLApp25\cinema.js.map
c:\users\danino\source\repos\TypeScriptHTMLApp25\TypeScriptHTMLApp25\person.js
c:\users\danino\source\repos\TypeScriptHTMLApp25\TypeScriptHTMLApp25\person.js.map
c:\users\danino\source\repos\TypeScriptHTMLApp25\TypeScriptHTMLApp25\student.js
c:\users\danino\source\repos\TypeScriptHTMLApp25\TypeScriptHTMLApp25\student.js.map
c:\users\danino\source\repos\TypeScriptHTMLApp25\TypeScriptHTMLApp25\teacher.js
c:\users\danino\source\repos\TypeScriptHTMLApp25\TypeScriptHTMLApp25\teacher.js.map
c:\users\danino\source\repos\TypeScriptHTMLApp25\TypeScriptHTMLApp25\worker.js
c:\users\danino\source\repos\TypeScriptHTMLApp25\TypeScriptHTMLApp25\worker.js.map
c:\users\danino\source\repos\TypeScriptHTMLApp25\TypeScriptHTMLApp25\app.js
c:\users\danino\source\repos\TypeScriptHTMLApp25\TypeScriptHTMLApp25\app.js.map
c:\users\danino\source\repos\TypeScriptHTMLApp25\TypeScriptHTMLApp25\cinema.js
c:\users\danino\source\repos\TypeScriptHTMLApp25\TypeScriptHTMLApp25\cinema.js.map
c:\users\danino\source\repos\TypeScriptHTMLApp25\TypeScriptHTMLApp25\person.js
c:\users\danino\source\repos\TypeScriptHTMLApp25\TypeScriptHTMLApp25\person.js.map
c:\users\danino\source\repos\TypeScriptHTMLApp25\TypeScriptHTMLApp25\student.js
c:\users\danino\source\repos\TypeScriptHTMLApp25\TypeScriptHTMLApp25\student.js.map
c:\users\danino\source\repos\TypeScriptHTMLApp25\TypeScriptHTMLApp25\teacher.js
c:\users\danino\source\repos\TypeScriptHTMLApp25\TypeScriptHTMLApp25\teacher.js.map
c:\users\danino\source\repos\TypeScriptHTMLApp25\TypeScriptHTMLApp25\worker.js
c:\users\danino\source\repos\TypeScriptHTMLApp25\TypeScriptHTMLApp25\worker.js.map
c:\users\danino\source\repos\TypeScriptHTMLApp25\TypeScriptHTMLApp25\app.js
c:\users\danino\source\repos\TypeScriptHTMLApp25\TypeScriptHTMLApp25\app.js.map
c:\users\danino\source\repos\TypeScriptHTMLApp25\TypeScriptHTMLApp25\cinema.js
c:\users\danino\source\repos\TypeScriptHTMLApp25\TypeScriptHTMLApp25\cinema.js.map
c:\users\danino\source\repos\TypeScriptHTMLApp25\TypeScriptHTMLApp25\person.js
c:\users\danino\source\repos\TypeScriptHTMLApp25\TypeScriptHTMLApp25\person.js.map
c:\users\danino\source\repos\TypeScriptHTMLApp25\TypeScriptHTMLApp25\student.js
c:\users\danino\source\repos\TypeScriptHTMLApp25\TypeScriptHTMLApp25\student.js.map
c:\users\danino\source\repos\TypeScriptHTMLApp25\TypeScriptHTMLApp25\teacher.js
c:\users\danino\source\repos\TypeScriptHTMLApp25\TypeScriptHTMLApp25\teacher.js.map
c:\users\danino\source\repos\TypeScriptHTMLApp25\TypeScriptHTMLApp25\worker.js
c:\users\danino\source\repos\TypeScriptHTMLApp25\TypeScriptHTMLApp25\worker.js.map
c:\users\danino\source\repos\TypeScriptHTMLApp25\TypeScriptHTMLApp25\app.js
c:\users\danino\source\repos\TypeScriptHTMLApp25\TypeScriptHTMLApp25\app.js.map
c:\users\danino\source\repos\TypeScriptHTMLApp25\TypeScriptHTMLApp25\cinema.js
c:\users\danino\source\repos\TypeScriptHTMLApp25\TypeScriptHTMLApp25\cinema.js.map
c:\users\danino\source\repos\TypeScriptHTMLApp25\TypeScriptHTMLApp25\person.js
c:\users\danino\source\repos\TypeScriptHTMLApp25\TypeScriptHTMLApp25\person.js.map
c:\users\danino\source\repos\TypeScriptHTMLApp25\TypeScriptHTMLApp25\student.js
c:\users\danino\source\repos\TypeScriptHTMLApp25\TypeScriptHTMLApp25\student.js.map
c:\users\danino\source\repos\TypeScriptHTMLApp25\TypeScriptHTMLApp25\teacher.js
c:\users\danino\source\repos\TypeScriptHTMLApp25\TypeScriptHTMLApp25\teacher.js.map
c:\users\danino\source\repos\TypeScriptHTMLApp25\TypeScriptHTMLApp25\worker.js
c:\users\danino\source\repos\TypeScriptHTMLApp25\TypeScriptHTMLApp25\worker.js.map
c:\users\danino\source\repos\TypeScriptHTMLApp25\TypeScriptHTMLApp25\app.js
c:\users\danino\source\repos\TypeScriptHTMLApp25\TypeScriptHTMLApp25\app.js.map
c:\users\danino\source\repos\TypeScriptHTMLApp25\TypeScriptHTMLApp25\cinema.js
c:\users\danino\source\repos\TypeScriptHTMLApp25\TypeScriptHTMLApp25\cinema.js.map
c:\users\danino\source\repos\TypeScriptHTMLApp25\TypeScriptHTMLApp25\person.js
c:\users\danino\source\repos\TypeScriptHTMLApp25\TypeScriptHTMLApp25\person.js.map
c:\users\danino\source\repos\TypeScriptHTMLApp25\TypeScriptHTMLApp25\student.js
c:\users\danino\source\repos\TypeScriptHTMLApp25\TypeScriptHTMLApp25\student.js.map
c:\users\danino\source\repos\TypeScriptHTMLApp25\TypeScriptHTMLApp25\teacher.js
c:\users\danino\source\repos\TypeScriptHTMLApp25\TypeScriptHTMLApp25\teacher.js.map
c:\users\danino\source\repos\TypeScriptHTMLApp25\TypeScriptHTMLApp25\worker.js
c:\users\danino\source\repos\TypeScriptHTMLApp25\TypeScriptHTMLApp25\worker.js.map
c:\users\danino\source\repos\TypeScriptHTMLApp25\TypeScriptHTMLApp25\app.js
c:\users\danino\source\repos\TypeScriptHTMLApp25\TypeScriptHTMLApp25\app.js.map
c:\users\danino\source\repos\TypeScriptHTMLApp25\TypeScriptHTMLApp25\cinema.js
c:\users\danino\source\repos\TypeScriptHTMLApp25\TypeScriptHTMLApp25\cinema.js.map
c:\users\danino\source\repos\TypeScriptHTMLApp25\TypeScriptHTMLApp25\person.js
c:\users\danino\source\repos\TypeScriptHTMLApp25\TypeScriptHTMLApp25\person.js.map
c:\users\danino\source\repos\TypeScriptHTMLApp25\TypeScriptHTMLApp25\student.js
c:\users\danino\source\repos\TypeScriptHTMLApp25\TypeScriptHTMLApp25\student.js.map
c:\users\danino\source\repos\TypeScriptHTMLApp25\TypeScriptHTMLApp25\teacher.js
c:\users\danino\source\repos\TypeScriptHTMLApp25\TypeScriptHTMLApp25\teacher.js.map
c:\users\danino\source\repos\TypeScriptHTMLApp25\TypeScriptHTMLApp25\worker.js
c:\users\danino\source\repos\TypeScriptHTMLApp25\TypeScriptHTMLApp25\worker.js.map
c:\users\danino\source\repos\TypeScriptHTMLApp25\TypeScriptHTMLApp25\app.js
c:\users\danino\source\repos\TypeScriptHTMLApp25\TypeScriptHTMLApp25\app.js.map
c:\users\danino\source\repos\TypeScriptHTMLApp25\TypeScriptHTMLApp25\cinema.js
c:\users\danino\source\repos\TypeScriptHTMLApp25\TypeScriptHTMLApp25\cinema.js.map
c:\users\danino\source\repos\TypeScriptHTMLApp25\TypeScriptHTMLApp25\person.js
c:\users\danino\source\repos\TypeScriptHTMLApp25\TypeScriptHTMLApp25\person.js.map
c:\users\danino\source\repos\TypeScriptHTMLApp25\TypeScriptHTMLApp25\student.js
c:\users\danino\source\repos\TypeScriptHTMLApp25\TypeScriptHTMLApp25\student.js.map
c:\users\danino\source\repos\TypeScriptHTMLApp25\TypeScriptHTMLApp25\teacher.js
c:\users\danino\source\repos\TypeScriptHTMLApp25\TypeScriptHTMLApp25\teacher.js.map
c:\users\danino\source\repos\TypeScriptHTMLApp25\TypeScriptHTMLApp25\worker.js
c:\users\danino\source\repos\TypeScriptHTMLApp25\TypeScriptHTMLApp25\worker.js.map
c:\users\danino\source\repos\TypeScriptHTMLApp25\TypeScriptHTMLApp25\app.js
c:\users\danino\source\repos\TypeScriptHTMLApp25\TypeScriptHTMLApp25\app.js.map
c:\users\danino\source\repos\TypeScriptHTMLApp25\TypeScriptHTMLApp25\cinema.js
c:\users\danino\source\repos\TypeScriptHTMLApp25\TypeScriptHTMLApp25\cinema.js.map
c:\users\danino\source\repos\TypeScriptHTMLApp25\TypeScriptHTMLApp25\person.js
c:\users\danino\source\repos\TypeScriptHTMLApp25\TypeScriptHTMLApp25\person.js.map
c:\users\danino\source\repos\TypeScriptHTMLApp25\TypeScriptHTMLApp25\student.js
c:\users\danino\source\repos\TypeScriptHTMLApp25\TypeScriptHTMLApp25\student.js.map
c:\users\danino\source\repos\TypeScriptHTMLApp25\TypeScriptHTMLApp25\teacher.js
c:\users\danino\source\repos\TypeScriptHTMLApp25\TypeScriptHTMLApp25\teacher.js.map
c:\users\danino\source\repos\TypeScriptHTMLApp25\TypeScriptHTMLApp25\worker.js
c:\users\danino\source\repos\TypeScriptHTMLApp25\TypeScriptHTMLApp25\worker.js.map
c:\users\danino\source\repos\TypeScriptHTMLApp25\TypeScriptHTMLApp25\app.js
c:\users\danino\source\repos\TypeScriptHTMLApp25\TypeScriptHTMLApp25\app.js.map
c:\users\danino\source\repos\TypeScriptHTMLApp25\TypeScriptHTMLApp25\cinema.js
c:\users\danino\source\repos\TypeScriptHTMLApp25\TypeScriptHTMLApp25\cinema.js.map
c:\users\danino\source\repos\TypeScriptHTMLApp25\TypeScriptHTMLApp25\person.js
c:\users\danino\source\repos\TypeScriptHTMLApp25\TypeScriptHTMLApp25\person.js.map
c:\users\danino\source\repos\TypeScriptHTMLApp25\TypeScriptHTMLApp25\student.js
c:\users\danino\source\repos\TypeScriptHTMLApp25\TypeScriptHTMLApp25\student.js.map
c:\users\danino\source\repos\TypeScriptHTMLApp25\TypeScriptHTMLApp25\teacher.js
c:\users\danino\source\repos\TypeScriptHTMLApp25\TypeScriptHTMLApp25\teacher.js.map
c:\users\danino\source\repos\TypeScriptHTMLApp25\TypeScriptHTMLApp25\worker.js
c:\users\danino\source\repos\TypeScriptHTMLApp25\TypeScriptHTMLApp25\worker.js.map
c:\users\danino\source\repos\TypeScriptHTMLApp25\TypeScriptHTMLApp25\app.js
c:\users\danino\source\repos\TypeScriptHTMLApp25\TypeScriptHTMLApp25\app.js.map
c:\users\danino\source\repos\TypeScriptHTMLApp25\TypeScriptHTMLApp25\cinema.js
c:\users\danino\source\repos\TypeScriptHTMLApp25\TypeScriptHTMLApp25\cinema.js.map
c:\users\danino\source\repos\TypeScriptHTMLApp25\TypeScriptHTMLApp25\person.js
c:\users\danino\source\repos\TypeScriptHTMLApp25\TypeScriptHTMLApp25\person.js.map
c:\users\danino\source\repos\TypeScriptHTMLApp25\TypeScriptHTMLApp25\student.js
c:\users\danino\source\repos\TypeScriptHTMLApp25\TypeScriptHTMLApp25\student.js.map
c:\users\danino\source\repos\TypeScriptHTMLApp25\TypeScriptHTMLApp25\teacher.js
c:\users\danino\source\repos\TypeScriptHTMLApp25\TypeScriptHTMLApp25\teacher.js.map
c:\users\danino\source\repos\TypeScriptHTMLApp25\TypeScriptHTMLApp25\worker.js
c:\users\danino\source\repos\TypeScriptHTMLApp25\TypeScriptHTMLApp25\worker.js.map
c:\users\danino\source\repos\TypeScriptHTMLApp25\TypeScriptHTMLApp25\app.js
c:\users\danino\source\repos\TypeScriptHTMLApp25\TypeScriptHTMLApp25\app.js.map
c:\users\danino\source\repos\TypeScriptHTMLApp25\TypeScriptHTMLApp25\cinema.js
c:\users\danino\source\repos\TypeScriptHTMLApp25\TypeScriptHTMLApp25\cinema.js.map
c:\users\danino\source\repos\TypeScriptHTMLApp25\TypeScriptHTMLApp25\person.js
c:\users\danino\source\repos\TypeScriptHTMLApp25\TypeScriptHTMLApp25\person.js.map
c:\users\danino\source\repos\TypeScriptHTMLApp25\TypeScriptHTMLApp25\student.js
c:\users\danino\source\repos\TypeScriptHTMLApp25\TypeScriptHTMLApp25\student.js.map
c:\users\danino\source\repos\TypeScriptHTMLApp25\TypeScriptHTMLApp25\teacher.js
c:\users\danino\source\repos\TypeScriptHTMLApp25\TypeScriptHTMLApp25\teacher.js.map
c:\users\danino\source\repos\TypeScriptHTMLApp25\TypeScriptHTMLApp25\worker.js
c:\users\danino\source\repos\TypeScriptHTMLApp25\TypeScriptHTMLApp25\worker.js.map
c:\users\danino\source\repos\TypeScriptHTMLApp25\TypeScriptHTMLApp25\app.js
c:\users\danino\source\repos\TypeScriptHTMLApp25\TypeScriptHTMLApp25\app.js.map
c:\users\danino\source\repos\TypeScriptHTMLApp25\TypeScriptHTMLApp25\cinema.js
c:\users\danino\source\repos\TypeScriptHTMLApp25\TypeScriptHTMLApp25\cinema.js.map
c:\users\danino\source\repos\TypeScriptHTMLApp25\TypeScriptHTMLApp25\person.js
c:\users\danino\source\repos\TypeScriptHTMLApp25\TypeScriptHTMLApp25\person.js.map
c:\users\danino\source\repos\TypeScriptHTMLApp25\TypeScriptHTMLApp25\student.js
c:\users\danino\source\repos\TypeScriptHTMLApp25\TypeScriptHTMLApp25\student.js.map
c:\users\danino\source\repos\TypeScriptHTMLApp25\TypeScriptHTMLApp25\teacher.js
c:\users\danino\source\repos\TypeScriptHTMLApp25\TypeScriptHTMLApp25\teacher.js.map
c:\users\danino\source\repos\TypeScriptHTMLApp25\TypeScriptHTMLApp25\worker.js
c:\users\danino\source\repos\TypeScriptHTMLApp25\TypeScriptHTMLApp25\worker.js.map
c:\users\danino\source\repos\TypeScriptHTMLApp25\TypeScriptHTMLApp25\app.js
c:\users\danino\source\repos\TypeScriptHTMLApp25\TypeScriptHTMLApp25\app.js.map
c:\users\danino\source\repos\TypeScriptHTMLApp25\TypeScriptHTMLApp25\cinema.js
c:\users\danino\source\repos\TypeScriptHTMLApp25\TypeScriptHTMLApp25\cinema.js.map
c:\users\danino\source\repos\TypeScriptHTMLApp25\TypeScriptHTMLApp25\person.js
c:\users\danino\source\repos\TypeScriptHTMLApp25\TypeScriptHTMLApp25\person.js.map
c:\users\danino\source\repos\TypeScriptHTMLApp25\TypeScriptHTMLApp25\student.js
c:\users\danino\source\repos\TypeScriptHTMLApp25\TypeScriptHTMLApp25\student.js.map
c:\users\danino\source\repos\TypeScriptHTMLApp25\TypeScriptHTMLApp25\teacher.js
c:\users\danino\source\repos\TypeScriptHTMLApp25\TypeScriptHTMLApp25\teacher.js.map
c:\users\danino\source\repos\TypeScriptHTMLApp25\TypeScriptHTMLApp25\worker.js
c:\users\danino\source\repos\TypeScriptHTMLApp25\TypeScriptHTMLApp25\worker.js.map
c:\users\danino\source\repos\TypeScriptHTMLApp25\TypeScriptHTMLApp25\app.js
c:\users\danino\source\repos\TypeScriptHTMLApp25\TypeScriptHTMLApp25\app.js.map
c:\users\danino\source\repos\TypeScriptHTMLApp25\TypeScriptHTMLApp25\cinema.js
c:\users\danino\source\repos\TypeScriptHTMLApp25\TypeScriptHTMLApp25\cinema.js.map
c:\users\danino\source\repos\TypeScriptHTMLApp25\TypeScriptHTMLApp25\person.js
c:\users\danino\source\repos\TypeScriptHTMLApp25\TypeScriptHTMLApp25\person.js.map
c:\users\danino\source\repos\TypeScriptHTMLApp25\TypeScriptHTMLApp25\student.js
c:\users\danino\source\repos\TypeScriptHTMLApp25\TypeScriptHTMLApp25\student.js.map
c:\users\danino\source\repos\TypeScriptHTMLApp25\TypeScriptHTMLApp25\teacher.js
c:\users\danino\source\repos\TypeScriptHTMLApp25\TypeScriptHTMLApp25\teacher.js.map
c:\users\danino\source\repos\TypeScriptHTMLApp25\TypeScriptHTMLApp25\worker.js
c:\users\danino\source\repos\TypeScriptHTMLApp25\TypeScriptHTMLApp25\worker.js.map
